2021-09-12 09:52:15,690 INFO 隐私协议-同意下的('id', 'com.chazuo.college.enterprise:id/tv_confirm')元素等待失败
2021-09-12 09:52:16,127 INFO 隐私协议-同意下的('id', 'com.chazuo.college.enterprise:id/tv_confirm')元素点击失败
2021-09-12 09:54:13,234 INFO 首页-点击我的下的('id', 'com.chazuo.college.enterprise:id/my')元素找到了
2021-09-12 09:54:13,976 INFO 首页-点击我的下的('id', 'com.chazuo.college.enterprise:id/my')元素点击成功
2021-09-12 09:54:14,020 INFO 首页-服务协议勾选框下的('id', 'com.chazuo.college.enterprise:id/check_box_agree')元素找到了
2021-09-12 09:54:14,033 INFO 首页-服务协议勾选框下的('id', 'com.chazuo.college.enterprise:id/check_box_agree')元素点击成功
2021-09-12 09:54:14,564 INFO 首页-手机号登录下的('id', 'com.chazuo.college.enterprise:id/ll_loginbyphone')元素找到了
2021-09-12 09:54:14,579 INFO 首页-手机号登录下的('id', 'com.chazuo.college.enterprise:id/ll_loginbyphone')元素点击成功
2021-09-12 09:54:15,288 INFO 首页-切换密码登录下的('id', 'com.chazuo.college.enterprise:id/actionbar_right_btn')元素找到了
2021-09-12 09:54:15,305 INFO 首页-切换密码登录下的('id', 'com.chazuo.college.enterprise:id/actionbar_right_btn')元素点击成功
2021-09-12 09:54:16,591 INFO 登录页-输入账号下的('id', 'com.chazuo.college.enterprise:id/cet_phonenum')元素找到了
2021-09-12 09:54:17,112 INFO 登录页-输入账号下的('id', 'com.chazuo.college.enterprise:id/cet_phonenum')元素输入15521507903成功
2021-09-12 09:54:17,627 INFO 登录页-输入密码下的('id', 'com.chazuo.college.enterprise:id/cet_password')元素找到了
2021-09-12 09:54:18,146 INFO 登录页-输入密码下的('id', 'com.chazuo.college.enterprise:id/cet_password')元素输入test123成功
2021-09-12 09:54:18,682 INFO 登录页-点击登录下的('id', 'com.chazuo.college.enterprise:id/tv_login')元素找到了
2021-09-12 09:54:18,697 INFO 登录页-点击登录下的('id', 'com.chazuo.college.enterprise:id/tv_login')元素点击成功
2021-09-12 09:54:50,711 INFO 我的页面-获取登录用户名下的('id', 'com.chazuo.college.enterprise:id/tv_name')元素等待失败
2021-09-12 09:54:50,929 INFO 获取我的页面-获取登录用户名下的('id', 'com.chazuo.college.enterprise:id/tv_name')元素文本失败
2021-09-12 10:00:57,624 INFO 首页-点击我的下的('id', 'com.chazuo.college.enterprise:id/my')元素找到了
2021-09-12 10:00:58,547 INFO 首页-点击我的下的('id', 'com.chazuo.college.enterprise:id/my')元素点击成功
2021-09-12 10:01:18,084 INFO 首页-服务协议勾选框下的('id', 'com.chazuo.college.enterprise:id/check_box_agree')元素找到了
2021-09-12 10:01:18,616 INFO 首页-服务协议勾选框下的('id', 'com.chazuo.college.enterprise:id/check_box_agree')元素点击成功
2021-09-12 10:01:18,652 INFO 首页-手机号登录下的('id', 'com.chazuo.college.enterprise:id/ll_loginbyphone')元素找到了
2021-09-12 10:01:18,665 INFO 首页-手机号登录下的('id', 'com.chazuo.college.enterprise:id/ll_loginbyphone')元素点击成功
2021-09-12 10:01:21,187 INFO 首页-切换密码登录下的('id', 'com.chazuo.college.enterprise:id/actionbar_right_btn')元素找到了
2021-09-12 10:01:21,944 INFO 首页-切换密码登录下的('id', 'com.chazuo.college.enterprise:id/actionbar_right_btn')元素点击成功
2021-09-12 10:01:22,030 INFO 登录页-输入账号下的('id', 'com.chazuo.college.enterprise:id/cet_phonenum')元素找到了
2021-09-12 10:01:22,550 INFO 登录页-输入账号下的('id', 'com.chazuo.college.enterprise:id/cet_phonenum')元素输入15521507903成功
2021-09-12 10:01:23,065 INFO 登录页-输入密码下的('id', 'com.chazuo.college.enterprise:id/cet_password')元素找到了
2021-09-12 10:01:23,594 INFO 登录页-输入密码下的('id', 'com.chazuo.college.enterprise:id/cet_password')元素输入test123成功
2021-09-12 10:01:24,121 INFO 登录页-点击登录下的('id', 'com.chazuo.college.enterprise:id/tv_login')元素找到了
2021-09-12 10:01:24,135 INFO 登录页-点击登录下的('id', 'com.chazuo.college.enterprise:id/tv_login')元素点击成功
2021-09-12 10:01:25,854 INFO 我的页面-获取登录用户名下的('id', 'com.chazuo.college.enterprise:id/tv_name')元素找到了
2021-09-12 10:01:25,868 INFO 获取我的页面-获取登录用户名下的('id', 'com.chazuo.college.enterprise:id/tv_name')元素文本  Hi，用户7903成功
2021-09-12 10:03:13,358 INFO 首页-点击我的下的('id', 'com.chazuo.college.enterprise:id/my')元素找到了
2021-09-12 10:03:14,096 INFO 首页-点击我的下的('id', 'com.chazuo.college.enterprise:id/my')元素点击成功
2021-09-12 10:03:14,142 INFO 首页-服务协议勾选框下的('id', 'com.chazuo.college.enterprise:id/check_box_agree')元素找到了
2021-09-12 10:03:14,158 INFO 首页-服务协议勾选框下的('id', 'com.chazuo.college.enterprise:id/check_box_agree')元素点击成功
2021-09-12 10:03:14,681 INFO 首页-手机号登录下的('id', 'com.chazuo.college.enterprise:id/ll_loginbyphone')元素找到了
2021-09-12 10:03:14,695 INFO 首页-手机号登录下的('id', 'com.chazuo.college.enterprise:id/ll_loginbyphone')元素点击成功
2021-09-12 10:03:15,407 INFO 首页-切换密码登录下的('id', 'com.chazuo.college.enterprise:id/actionbar_right_btn')元素找到了
2021-09-12 10:03:15,419 INFO 首页-切换密码登录下的('id', 'com.chazuo.college.enterprise:id/actionbar_right_btn')元素点击成功
2021-09-12 10:03:16,706 INFO 登录页-输入账号下的('id', 'com.chazuo.college.enterprise:id/cet_phonenum')元素找到了
2021-09-12 10:03:17,224 INFO 登录页-输入账号下的('id', 'com.chazuo.college.enterprise:id/cet_phonenum')元素输入15521507903成功
2021-09-12 10:03:17,754 INFO 登录页-输入密码下的('id', 'com.chazuo.college.enterprise:id/cet_password')元素找到了
2021-09-12 10:03:18,273 INFO 登录页-输入密码下的('id', 'com.chazuo.college.enterprise:id/cet_password')元素输入test123成功
2021-09-12 10:03:18,809 INFO 登录页-点击登录下的('id', 'com.chazuo.college.enterprise:id/tv_login')元素找到了
2021-09-12 10:03:18,823 INFO 登录页-点击登录下的('id', 'com.chazuo.college.enterprise:id/tv_login')元素点击成功
2021-09-12 10:03:53,149 INFO 我的页面-获取登录用户名下的('id', 'com.chazuo.college.enterprise:id/tv_name')元素等待失败
2021-09-12 10:03:53,365 INFO 获取我的页面-获取登录用户名下的('id', 'com.chazuo.college.enterprise:id/tv_name')元素文本失败
2021-09-12 10:04:35,583 INFO 首页-点击我的下的('id', 'com.chazuo.college.enterprise:id/my')元素找到了
2021-09-12 10:04:36,331 INFO 首页-点击我的下的('id', 'com.chazuo.college.enterprise:id/my')元素点击成功
2021-09-12 10:04:36,367 INFO 首页-服务协议勾选框下的('id', 'com.chazuo.college.enterprise:id/check_box_agree')元素找到了
2021-09-12 10:04:36,382 INFO 首页-服务协议勾选框下的('id', 'com.chazuo.college.enterprise:id/check_box_agree')元素点击成功
2021-09-12 10:04:36,911 INFO 首页-手机号登录下的('id', 'com.chazuo.college.enterprise:id/ll_loginbyphone')元素找到了
2021-09-12 10:04:36,925 INFO 首页-手机号登录下的('id', 'com.chazuo.college.enterprise:id/ll_loginbyphone')元素点击成功
2021-09-12 10:04:37,625 INFO 首页-切换密码登录下的('id', 'com.chazuo.college.enterprise:id/actionbar_right_btn')元素找到了
2021-09-12 10:04:37,638 INFO 首页-切换密码登录下的('id', 'com.chazuo.college.enterprise:id/actionbar_right_btn')元素点击成功
2021-09-12 10:04:38,921 INFO 登录页-输入账号下的('id', 'com.chazuo.college.enterprise:id/cet_phonenum')元素找到了
2021-09-12 10:04:39,443 INFO 登录页-输入账号下的('id', 'com.chazuo.college.enterprise:id/cet_phonenum')元素输入15521507903成功
2021-09-12 10:04:39,979 INFO 登录页-输入密码下的('id', 'com.chazuo.college.enterprise:id/cet_password')元素找到了
2021-09-12 10:04:40,503 INFO 登录页-输入密码下的('id', 'com.chazuo.college.enterprise:id/cet_password')元素输入test123成功
2021-09-12 10:04:41,019 INFO 登录页-点击登录下的('id', 'com.chazuo.college.enterprise:id/tv_login')元素找到了
2021-09-12 10:04:41,034 INFO 登录页-点击登录下的('id', 'com.chazuo.college.enterprise:id/tv_login')元素点击成功
2021-09-12 10:07:34,098 INFO 首页-点击我的下的('id', 'com.chazuo.college.enterprise:id/my')元素找到了
2021-09-12 10:07:34,811 INFO 首页-点击我的下的('id', 'com.chazuo.college.enterprise:id/my')元素点击成功
2021-09-12 10:07:34,847 INFO 首页-服务协议勾选框下的('id', 'com.chazuo.college.enterprise:id/check_box_agree')元素找到了
2021-09-12 10:07:34,863 INFO 首页-服务协议勾选框下的('id', 'com.chazuo.college.enterprise:id/check_box_agree')元素点击成功
2021-09-12 10:07:35,394 INFO 首页-手机号登录下的('id', 'com.chazuo.college.enterprise:id/ll_loginbyphone')元素找到了
2021-09-12 10:07:35,409 INFO 首页-手机号登录下的('id', 'com.chazuo.college.enterprise:id/ll_loginbyphone')元素点击成功
2021-09-12 10:07:36,081 INFO 首页-切换密码登录下的('id', 'com.chazuo.college.enterprise:id/actionbar_right_btn')元素找到了
2021-09-12 10:07:36,095 INFO 首页-切换密码登录下的('id', 'com.chazuo.college.enterprise:id/actionbar_right_btn')元素点击成功
2021-09-12 10:07:37,385 INFO 登录页-输入账号下的('id', 'com.chazuo.college.enterprise:id/cet_phonenum')元素找到了
2021-09-12 10:07:37,905 INFO 登录页-输入账号下的('id', 'com.chazuo.college.enterprise:id/cet_phonenum')元素输入15521507903成功
2021-09-12 10:07:38,438 INFO 登录页-输入密码下的('id', 'com.chazuo.college.enterprise:id/cet_password')元素找到了
2021-09-12 10:07:38,963 INFO 登录页-输入密码下的('id', 'com.chazuo.college.enterprise:id/cet_password')元素输入test123成功
2021-09-12 10:07:39,479 INFO 登录页-点击登录下的('id', 'com.chazuo.college.enterprise:id/tv_login')元素找到了
2021-09-12 10:07:39,492 INFO 登录页-点击登录下的('id', 'com.chazuo.college.enterprise:id/tv_login')元素点击成功
2021-09-12 10:08:13,597 INFO 我的页面-获取登录用户名下的('id', 'com.chazuo.college.enterprise:id/tv_name')元素等待失败
2021-09-12 10:08:13,828 INFO 获取我的页面-获取登录用户名下的('id', 'com.chazuo.college.enterprise:id/tv_name')元素文本失败
2021-09-12 10:12:43,047 INFO 首页-点击我的下的('id', 'com.chazuo.college.enterprise:id/my')元素找到了
2021-09-12 10:12:43,900 INFO 首页-点击我的下的('id', 'com.chazuo.college.enterprise:id/my')元素点击成功
2021-09-12 10:12:43,940 INFO 首页-服务协议勾选框下的('id', 'com.chazuo.college.enterprise:id/check_box_agree')元素找到了
2021-09-12 10:12:43,952 INFO 首页-服务协议勾选框下的('id', 'com.chazuo.college.enterprise:id/check_box_agree')元素点击成功
2021-09-12 10:12:44,484 INFO 首页-手机号登录下的('id', 'com.chazuo.college.enterprise:id/ll_loginbyphone')元素找到了
2021-09-12 10:12:44,505 INFO 首页-手机号登录下的('id', 'com.chazuo.college.enterprise:id/ll_loginbyphone')元素点击成功
2021-09-12 10:12:45,226 INFO 首页-切换密码登录下的('id', 'com.chazuo.college.enterprise:id/actionbar_right_btn')元素找到了
2021-09-12 10:12:45,239 INFO 首页-切换密码登录下的('id', 'com.chazuo.college.enterprise:id/actionbar_right_btn')元素点击成功
2021-09-12 10:12:46,535 INFO 登录页-输入账号下的('id', 'com.chazuo.college.enterprise:id/cet_phonenum')元素找到了
2021-09-12 10:12:47,053 INFO 登录页-输入账号下的('id', 'com.chazuo.college.enterprise:id/cet_phonenum')元素输入15521507903成功
2021-09-12 10:12:47,577 INFO 登录页-输入密码下的('id', 'com.chazuo.college.enterprise:id/cet_password')元素找到了
2021-09-12 10:12:48,098 INFO 登录页-输入密码下的('id', 'com.chazuo.college.enterprise:id/cet_password')元素输入test123成功
2021-09-12 10:12:48,616 INFO 登录页-点击登录下的('id', 'com.chazuo.college.enterprise:id/tv_login')元素找到了
2021-09-12 10:12:48,634 INFO 登录页-点击登录下的('id', 'com.chazuo.college.enterprise:id/tv_login')元素点击成功
2021-09-12 10:13:22,832 INFO 我的页面-获取登录用户名下的('id', 'com.chazuo.college.enterprise:id/tv_name')元素等待失败
2021-09-12 10:13:23,066 INFO 获取我的页面-获取登录用户名下的('id', 'com.chazuo.college.enterprise:id/tv_name')元素文本失败
2021-09-12 10:19:33,187 INFO 首页-点击我的下的('id', 'com.chazuo.college.enterprise:id/my')元素找到了
2021-09-12 10:19:33,957 INFO 首页-点击我的下的('id', 'com.chazuo.college.enterprise:id/my')元素点击成功
2021-09-12 10:19:33,999 INFO 首页-服务协议勾选框下的('id', 'com.chazuo.college.enterprise:id/check_box_agree')元素找到了
2021-09-12 10:19:34,010 INFO 首页-服务协议勾选框下的('id', 'com.chazuo.college.enterprise:id/check_box_agree')元素点击成功
2021-09-12 10:19:34,555 INFO 首页-手机号登录下的('id', 'com.chazuo.college.enterprise:id/ll_loginbyphone')元素找到了
2021-09-12 10:19:34,568 INFO 首页-手机号登录下的('id', 'com.chazuo.college.enterprise:id/ll_loginbyphone')元素点击成功
2021-09-12 10:19:35,242 INFO 首页-切换密码登录下的('id', 'com.chazuo.college.enterprise:id/actionbar_right_btn')元素找到了
2021-09-12 10:19:35,257 INFO 首页-切换密码登录下的('id', 'com.chazuo.college.enterprise:id/actionbar_right_btn')元素点击成功
2021-09-12 10:19:36,017 INFO 登录页-输入账号下的('id', 'com.chazuo.college.enterprise:id/cet_phonenum')元素找到了
2021-09-12 10:19:36,536 INFO 登录页-输入账号下的('id', 'com.chazuo.college.enterprise:id/cet_phonenum')元素输入15521507903成功
2021-09-12 10:19:37,067 INFO 登录页-输入密码下的('id', 'com.chazuo.college.enterprise:id/cet_password')元素找到了
2021-09-12 10:19:37,593 INFO 登录页-输入密码下的('id', 'com.chazuo.college.enterprise:id/cet_password')元素输入test123成功
2021-09-12 10:19:38,132 INFO 登录页-点击登录下的('id', 'com.chazuo.college.enterprise:id/tv_login')元素找到了
2021-09-12 10:19:38,143 INFO 登录页-点击登录下的('id', 'com.chazuo.college.enterprise:id/tv_login')元素点击成功
2021-09-12 10:20:12,582 INFO 我的页面-获取登录用户名下的('id', 'com.chazuo.college.enterprise:id/tv_name')元素等待失败
2021-09-12 10:20:12,809 INFO 获取我的页面-获取登录用户名下的('id', 'com.chazuo.college.enterprise:id/tv_name')元素文本失败
2021-09-12 10:20:40,275 INFO 首页-点击我的下的('id', 'com.chazuo.college.enterprise:id/my')元素找到了
2021-09-12 10:20:40,292 INFO 首页-点击我的下的('id', 'com.chazuo.college.enterprise:id/my')元素点击成功
2021-09-12 10:20:41,054 INFO 首页-服务协议勾选框下的('id', 'com.chazuo.college.enterprise:id/check_box_agree')元素找到了
2021-09-12 10:20:41,066 INFO 首页-服务协议勾选框下的('id', 'com.chazuo.college.enterprise:id/check_box_agree')元素点击成功
2021-09-12 10:20:41,602 INFO 首页-手机号登录下的('id', 'com.chazuo.college.enterprise:id/ll_loginbyphone')元素找到了
2021-09-12 10:20:41,615 INFO 首页-手机号登录下的('id', 'com.chazuo.college.enterprise:id/ll_loginbyphone')元素点击成功
2021-09-12 10:20:42,303 INFO 首页-切换密码登录下的('id', 'com.chazuo.college.enterprise:id/actionbar_right_btn')元素找到了
2021-09-12 10:20:42,317 INFO 首页-切换密码登录下的('id', 'com.chazuo.college.enterprise:id/actionbar_right_btn')元素点击成功
2021-09-12 10:20:43,604 INFO 登录页-输入账号下的('id', 'com.chazuo.college.enterprise:id/cet_phonenum')元素找到了
2021-09-12 10:20:44,125 INFO 登录页-输入账号下的('id', 'com.chazuo.college.enterprise:id/cet_phonenum')元素输入15521507903成功
2021-09-12 10:20:44,655 INFO 登录页-输入密码下的('id', 'com.chazuo.college.enterprise:id/cet_password')元素找到了
2021-09-12 10:20:45,179 INFO 登录页-输入密码下的('id', 'com.chazuo.college.enterprise:id/cet_password')元素输入test123成功
2021-09-12 10:20:45,705 INFO 登录页-点击登录下的('id', 'com.chazuo.college.enterprise:id/tv_login')元素找到了
2021-09-12 10:20:45,721 INFO 登录页-点击登录下的('id', 'com.chazuo.college.enterprise:id/tv_login')元素点击成功
2021-09-12 10:20:48,157 INFO 我的页面-获取登录用户名下的('id', 'com.chazuo.college.enterprise:id/tv_name')元素找到了
2021-09-12 10:20:48,217 INFO 获取我的页面-获取登录用户名下的('id', 'com.chazuo.college.enterprise:id/tv_name')元素文本  Hi，用户7903成功
