2021-09-13 15:52:19,641 INFO 首页-点击我的下的('id', 'com.chazuo.college.enterprise:id/my')元素找到了
2021-09-13 15:52:19,654 INFO 首页-点击我的下的('id', 'com.chazuo.college.enterprise:id/my')元素点击成功
2021-09-13 15:52:20,481 INFO 首页-服务协议勾选框下的('id', 'com.chazuo.college.enterprise:id/check_box_agree')元素找到了
2021-09-13 15:52:20,493 INFO 首页-服务协议勾选框下的('id', 'com.chazuo.college.enterprise:id/check_box_agree')元素点击成功
2021-09-13 15:52:21,022 INFO 首页-手机号登录下的('id', 'com.chazuo.college.enterprise:id/ll_loginbyphone')元素找到了
2021-09-13 15:52:21,034 INFO 首页-手机号登录下的('id', 'com.chazuo.college.enterprise:id/ll_loginbyphone')元素点击成功
2021-09-13 15:52:21,723 INFO 首页-切换密码登录下的('id', 'com.chazuo.college.enterprise:id/actionbar_right_btn')元素找到了
2021-09-13 15:52:21,735 INFO 首页-切换密码登录下的('id', 'com.chazuo.college.enterprise:id/actionbar_right_btn')元素点击成功
2021-09-13 15:52:22,512 INFO 登录页-输入账号下的('id', 'com.chazuo.college.enterprise:id/cet_phonenum')元素找到了
2021-09-13 15:52:23,037 INFO 登录页-输入账号下的('id', 'com.chazuo.college.enterprise:id/cet_phonenum')元素输入15521507903成功
2021-09-13 15:52:23,611 INFO 登录页-输入密码下的('id', 'com.chazuo.college.enterprise:id/cet_password')元素找到了
2021-09-13 15:52:24,135 INFO 登录页-输入密码下的('id', 'com.chazuo.college.enterprise:id/cet_password')元素输入test123成功
2021-09-13 15:52:24,663 INFO 登录页-点击登录下的('id', 'com.chazuo.college.enterprise:id/tv_login')元素找到了
2021-09-13 15:52:24,674 INFO 登录页-点击登录下的('id', 'com.chazuo.college.enterprise:id/tv_login')元素点击成功
2021-09-13 15:52:26,756 INFO 我的页面-获取登录用户名下的('id', 'com.chazuo.college.enterprise:id/tv_name')元素找到了
2021-09-13 15:52:26,769 INFO 获取我的页面-获取登录用户名下的('id', 'com.chazuo.college.enterprise:id/tv_name')元素文本  Hi，用户7903成功
2021-09-13 16:45:36,303 INFO 首页-点击我的下的('id', 'com.chazuo.college.enterprise:id/my')元素找到了
2021-09-13 16:45:37,095 INFO 首页-点击我的下的('id', 'com.chazuo.college.enterprise:id/my')元素点击成功
2021-09-13 16:45:37,127 INFO 首页-服务协议勾选框下的('id', 'com.chazuo.college.enterprise:id/check_box_agree')元素找到了
2021-09-13 16:45:37,142 INFO 首页-服务协议勾选框下的('id', 'com.chazuo.college.enterprise:id/check_box_agree')元素点击成功
2021-09-13 16:45:37,658 INFO 首页-手机号登录下的('id', 'com.chazuo.college.enterprise:id/ll_loginbyphone')元素找到了
2021-09-13 16:45:37,670 INFO 首页-手机号登录下的('id', 'com.chazuo.college.enterprise:id/ll_loginbyphone')元素点击成功
2021-09-13 16:45:38,355 INFO 首页-切换密码登录下的('id', 'com.chazuo.college.enterprise:id/actionbar_right_btn')元素找到了
2021-09-13 16:45:38,368 INFO 首页-切换密码登录下的('id', 'com.chazuo.college.enterprise:id/actionbar_right_btn')元素点击成功
2021-09-13 16:45:39,649 INFO 登录页-输入账号下的('id', 'com.chazuo.college.enterprise:id/cet_phonenum')元素找到了
2021-09-13 16:45:40,184 INFO 登录页-输入账号下的('id', 'com.chazuo.college.enterprise:id/cet_phonenum')元素输入15521507901成功
2021-09-13 16:45:40,704 INFO 登录页-输入密码下的('id', 'com.chazuo.college.enterprise:id/cet_password')元素找到了
2021-09-13 16:45:41,220 INFO 登录页-输入密码下的('id', 'com.chazuo.college.enterprise:id/cet_password')元素输入test123成功
2021-09-13 16:45:41,745 INFO 登录页-点击登录下的('id', 'com.chazuo.college.enterprise:id/tv_login')元素找到了
2021-09-13 16:45:41,759 INFO 登录页-点击登录下的('id', 'com.chazuo.college.enterprise:id/tv_login')元素点击成功
2021-09-13 16:45:43,911 INFO 登录页-输入账号下的('id', 'com.chazuo.college.enterprise:id/cet_phonenum')元素找到了
2021-09-13 16:45:44,429 INFO 登录页-输入账号下的('id', 'com.chazuo.college.enterprise:id/cet_phonenum')元素输入15521507903成功
2021-09-13 16:45:44,948 INFO 登录页-输入密码下的('id', 'com.chazuo.college.enterprise:id/cet_password')元素找到了
2021-09-13 16:45:45,466 INFO 登录页-输入密码下的('id', 'com.chazuo.college.enterprise:id/cet_password')元素输入test12345成功
2021-09-13 16:45:45,978 INFO 登录页-点击登录下的('id', 'com.chazuo.college.enterprise:id/tv_login')元素找到了
2021-09-13 16:45:45,992 INFO 登录页-点击登录下的('id', 'com.chazuo.college.enterprise:id/tv_login')元素点击成功
2021-09-13 16:45:48,111 INFO 登录页-输入账号下的('id', 'com.chazuo.college.enterprise:id/cet_phonenum')元素找到了
2021-09-13 16:45:48,628 INFO 登录页-输入账号下的('id', 'com.chazuo.college.enterprise:id/cet_phonenum')元素输入15521507903成功
2021-09-13 16:45:49,154 INFO 登录页-输入密码下的('id', 'com.chazuo.college.enterprise:id/cet_password')元素找到了
2021-09-13 16:45:49,673 INFO 登录页-输入密码下的('id', 'com.chazuo.college.enterprise:id/cet_password')元素输入test123成功
2021-09-13 16:45:50,196 INFO 登录页-点击登录下的('id', 'com.chazuo.college.enterprise:id/tv_login')元素找到了
2021-09-13 16:45:50,206 INFO 登录页-点击登录下的('id', 'com.chazuo.college.enterprise:id/tv_login')元素点击成功
2021-09-13 16:46:24,521 INFO 我的页面-获取登录用户名下的('id', 'com.chazuo.college.enterprise:id/tv_name')元素等待失败
2021-09-13 16:46:24,691 INFO 获取我的页面-获取登录用户名下的('id', 'com.chazuo.college.enterprise:id/tv_name')元素文本失败
2021-09-13 16:48:58,124 INFO 首页-点击我的下的('id', 'com.chazuo.college.enterprise:id/my')元素找到了
2021-09-13 16:48:58,149 INFO 首页-点击我的下的('id', 'com.chazuo.college.enterprise:id/my')元素点击成功
2021-09-13 16:48:59,242 INFO 首页-服务协议勾选框下的('id', 'com.chazuo.college.enterprise:id/check_box_agree')元素找到了
2021-09-13 16:48:59,253 INFO 首页-服务协议勾选框下的('id', 'com.chazuo.college.enterprise:id/check_box_agree')元素点击成功
2021-09-13 16:48:59,784 INFO 首页-手机号登录下的('id', 'com.chazuo.college.enterprise:id/ll_loginbyphone')元素找到了
2021-09-13 16:48:59,798 INFO 首页-手机号登录下的('id', 'com.chazuo.college.enterprise:id/ll_loginbyphone')元素点击成功
2021-09-13 16:49:00,681 INFO 首页-切换密码登录下的('id', 'com.chazuo.college.enterprise:id/actionbar_right_btn')元素找到了
2021-09-13 16:49:00,696 INFO 首页-切换密码登录下的('id', 'com.chazuo.college.enterprise:id/actionbar_right_btn')元素点击成功
2021-09-13 16:49:01,968 INFO 登录页-输入账号下的('id', 'com.chazuo.college.enterprise:id/cet_phonenum')元素找到了
2021-09-13 16:49:02,487 INFO 登录页-输入账号下的('id', 'com.chazuo.college.enterprise:id/cet_phonenum')元素输入15521507901成功
2021-09-13 16:49:03,011 INFO 登录页-输入密码下的('id', 'com.chazuo.college.enterprise:id/cet_password')元素找到了
2021-09-13 16:49:03,530 INFO 登录页-输入密码下的('id', 'com.chazuo.college.enterprise:id/cet_password')元素输入test123成功
2021-09-13 16:49:04,041 INFO 登录页-点击登录下的('id', 'com.chazuo.college.enterprise:id/tv_login')元素找到了
2021-09-13 16:49:04,052 INFO 登录页-点击登录下的('id', 'com.chazuo.college.enterprise:id/tv_login')元素点击成功
2021-09-13 16:49:06,207 INFO 登录页-输入账号下的('id', 'com.chazuo.college.enterprise:id/cet_phonenum')元素找到了
2021-09-13 16:49:06,726 INFO 登录页-输入账号下的('id', 'com.chazuo.college.enterprise:id/cet_phonenum')元素输入15521507903成功
2021-09-13 16:49:07,254 INFO 登录页-输入密码下的('id', 'com.chazuo.college.enterprise:id/cet_password')元素找到了
2021-09-13 16:49:07,773 INFO 登录页-输入密码下的('id', 'com.chazuo.college.enterprise:id/cet_password')元素输入test12345成功
2021-09-13 16:49:08,298 INFO 登录页-点击登录下的('id', 'com.chazuo.college.enterprise:id/tv_login')元素找到了
2021-09-13 16:49:08,310 INFO 登录页-点击登录下的('id', 'com.chazuo.college.enterprise:id/tv_login')元素点击成功
2021-09-13 16:49:10,424 INFO 登录页-输入账号下的('id', 'com.chazuo.college.enterprise:id/cet_phonenum')元素找到了
2021-09-13 16:49:10,944 INFO 登录页-输入账号下的('id', 'com.chazuo.college.enterprise:id/cet_phonenum')元素输入15521507903成功
2021-09-13 16:49:11,458 INFO 登录页-输入密码下的('id', 'com.chazuo.college.enterprise:id/cet_password')元素找到了
2021-09-13 16:49:11,978 INFO 登录页-输入密码下的('id', 'com.chazuo.college.enterprise:id/cet_password')元素输入test123成功
2021-09-13 16:49:12,505 INFO 登录页-点击登录下的('id', 'com.chazuo.college.enterprise:id/tv_login')元素找到了
2021-09-13 16:49:12,517 INFO 登录页-点击登录下的('id', 'com.chazuo.college.enterprise:id/tv_login')元素点击成功
2021-09-13 16:49:35,128 INFO 我的页面-获取登录用户名下的('id', 'com.chazuo.college.enterprise:id/tv_name')元素找到了
2021-09-13 16:49:35,136 INFO 获取我的页面-获取登录用户名下的('id', 'com.chazuo.college.enterprise:id/tv_name')元素文本  Hi，用户7903成功
2021-09-13 17:39:12,701 INFO 首页-点击我的下的('id', 'com.chazuo.college.enterprise:id/my')元素找到了
2021-09-13 17:39:13,409 INFO 首页-点击我的下的('id', 'com.chazuo.college.enterprise:id/my')元素点击成功
2021-09-13 17:39:13,440 INFO 首页-服务协议勾选框下的('id', 'com.chazuo.college.enterprise:id/check_box_agree')元素找到了
2021-09-13 17:39:13,452 INFO 首页-服务协议勾选框下的('id', 'com.chazuo.college.enterprise:id/check_box_agree')元素点击成功
2021-09-13 17:39:13,971 INFO 首页-手机号登录下的('id', 'com.chazuo.college.enterprise:id/ll_loginbyphone')元素找到了
2021-09-13 17:39:13,982 INFO 首页-手机号登录下的('id', 'com.chazuo.college.enterprise:id/ll_loginbyphone')元素点击成功
2021-09-13 17:39:14,667 INFO 首页-切换密码登录下的('id', 'com.chazuo.college.enterprise:id/actionbar_right_btn')元素找到了
2021-09-13 17:39:14,683 INFO 首页-切换密码登录下的('id', 'com.chazuo.college.enterprise:id/actionbar_right_btn')元素点击成功
2021-09-13 17:39:15,945 INFO 登录页-输入账号下的('id', 'com.chazuo.college.enterprise:id/cet_phonenum')元素找到了
2021-09-13 17:39:16,465 INFO 登录页-输入账号下的('id', 'com.chazuo.college.enterprise:id/cet_phonenum')元素输入15521507901成功
2021-09-13 17:39:16,987 INFO 登录页-输入密码下的('id', 'com.chazuo.college.enterprise:id/cet_password')元素找到了
2021-09-13 17:39:17,504 INFO 登录页-输入密码下的('id', 'com.chazuo.college.enterprise:id/cet_password')元素输入test123成功
2021-09-13 17:39:18,032 INFO 登录页-点击登录下的('id', 'com.chazuo.college.enterprise:id/tv_login')元素找到了
2021-09-13 17:39:18,043 INFO 登录页-点击登录下的('id', 'com.chazuo.college.enterprise:id/tv_login')元素点击成功
2021-09-13 17:39:20,087 INFO 用户不存在下的用户不存在弹窗文本获取成功！
2021-09-13 17:39:20,169 INFO 登录页-输入账号下的('id', 'com.chazuo.college.enterprise:id/cet_phonenum')元素找到了
2021-09-13 17:39:20,683 INFO 登录页-输入账号下的('id', 'com.chazuo.college.enterprise:id/cet_phonenum')元素输入15521507903成功
2021-09-13 17:39:21,205 INFO 登录页-输入密码下的('id', 'com.chazuo.college.enterprise:id/cet_password')元素找到了
2021-09-13 17:39:21,729 INFO 登录页-输入密码下的('id', 'com.chazuo.college.enterprise:id/cet_password')元素输入test12345成功
2021-09-13 17:39:22,254 INFO 登录页-点击登录下的('id', 'com.chazuo.college.enterprise:id/tv_login')元素找到了
2021-09-13 17:39:22,265 INFO 登录页-点击登录下的('id', 'com.chazuo.college.enterprise:id/tv_login')元素点击成功
2021-09-13 17:39:24,296 INFO 密码错误下的密码错误弹窗文本获取成功！
2021-09-13 17:39:24,337 INFO 登录页-输入账号下的('id', 'com.chazuo.college.enterprise:id/cet_phonenum')元素找到了
2021-09-13 17:39:24,851 INFO 登录页-输入账号下的('id', 'com.chazuo.college.enterprise:id/cet_phonenum')元素输入15521507903成功
2021-09-13 17:39:25,367 INFO 登录页-输入密码下的('id', 'com.chazuo.college.enterprise:id/cet_password')元素找到了
2021-09-13 17:39:25,885 INFO 登录页-输入密码下的('id', 'com.chazuo.college.enterprise:id/cet_password')元素输入test123成功
2021-09-13 17:39:26,408 INFO 登录页-点击登录下的('id', 'com.chazuo.college.enterprise:id/tv_login')元素找到了
2021-09-13 17:39:26,418 INFO 登录页-点击登录下的('id', 'com.chazuo.college.enterprise:id/tv_login')元素点击成功
2021-09-13 17:40:00,786 INFO 我的页面-获取登录用户名下的('id', 'com.chazuo.college.enterprise:id/tv_name')元素等待失败
2021-09-13 17:40:01,160 INFO 获取我的页面-获取登录用户名下的('id', 'com.chazuo.college.enterprise:id/tv_name')元素文本失败
2021-09-13 17:43:27,699 INFO 首页-点击我的下的('id', 'com.chazuo.college.enterprise:id/my')元素找到了
2021-09-13 17:43:27,751 INFO 首页-点击我的下的('id', 'com.chazuo.college.enterprise:id/my')元素点击成功
2021-09-13 17:43:28,917 INFO 首页-服务协议勾选框下的('id', 'com.chazuo.college.enterprise:id/check_box_agree')元素找到了
2021-09-13 17:43:28,974 INFO 首页-服务协议勾选框下的('id', 'com.chazuo.college.enterprise:id/check_box_agree')元素点击成功
2021-09-13 17:43:29,695 INFO 首页-手机号登录下的('id', 'com.chazuo.college.enterprise:id/ll_loginbyphone')元素找到了
2021-09-13 17:43:29,759 INFO 首页-手机号登录下的('id', 'com.chazuo.college.enterprise:id/ll_loginbyphone')元素点击成功
2021-09-13 17:43:31,225 INFO 首页-切换密码登录下的('id', 'com.chazuo.college.enterprise:id/actionbar_right_btn')元素找到了
2021-09-13 17:43:31,270 INFO 首页-切换密码登录下的('id', 'com.chazuo.college.enterprise:id/actionbar_right_btn')元素点击成功
2021-09-13 17:43:32,688 INFO 登录页-输入账号下的('id', 'com.chazuo.college.enterprise:id/cet_phonenum')元素找到了
2021-09-13 17:43:33,260 INFO 登录页-输入账号下的('id', 'com.chazuo.college.enterprise:id/cet_phonenum')元素输入15521507901成功
2021-09-13 17:43:33,879 INFO 登录页-输入密码下的('id', 'com.chazuo.college.enterprise:id/cet_password')元素找到了
2021-09-13 17:43:34,462 INFO 登录页-输入密码下的('id', 'com.chazuo.college.enterprise:id/cet_password')元素输入test123成功
2021-09-13 17:43:35,010 INFO 登录页-点击登录下的('id', 'com.chazuo.college.enterprise:id/tv_login')元素找到了
2021-09-13 17:43:35,040 INFO 登录页-点击登录下的('id', 'com.chazuo.college.enterprise:id/tv_login')元素点击成功
2021-09-13 17:43:37,291 INFO 登录页面下-输入错误的账号下的用户不存在弹窗文本获取成功！
2021-09-13 17:43:37,542 INFO 登录页-输入账号下的('id', 'com.chazuo.college.enterprise:id/cet_phonenum')元素找到了
2021-09-13 17:43:38,097 INFO 登录页-输入账号下的('id', 'com.chazuo.college.enterprise:id/cet_phonenum')元素输入15521507903成功
2021-09-13 17:43:38,725 INFO 登录页-输入密码下的('id', 'com.chazuo.college.enterprise:id/cet_password')元素找到了
2021-09-13 17:43:39,304 INFO 登录页-输入密码下的('id', 'com.chazuo.college.enterprise:id/cet_password')元素输入test12345成功
2021-09-13 17:43:39,913 INFO 登录页-点击登录下的('id', 'com.chazuo.college.enterprise:id/tv_login')元素找到了
2021-09-13 17:43:39,954 INFO 登录页-点击登录下的('id', 'com.chazuo.college.enterprise:id/tv_login')元素点击成功
2021-09-13 17:43:42,042 INFO 登录页面下-输入错误的密码下的密码错误弹窗文本获取成功！
2021-09-13 17:43:42,214 INFO 登录页-输入账号下的('id', 'com.chazuo.college.enterprise:id/cet_phonenum')元素找到了
2021-09-13 17:43:42,766 INFO 登录页-输入账号下的('id', 'com.chazuo.college.enterprise:id/cet_phonenum')元素输入15521507903成功
2021-09-13 17:43:43,421 INFO 登录页-输入密码下的('id', 'com.chazuo.college.enterprise:id/cet_password')元素找到了
2021-09-13 17:43:43,982 INFO 登录页-输入密码下的('id', 'com.chazuo.college.enterprise:id/cet_password')元素输入test123成功
2021-09-13 17:43:44,544 INFO 登录页-点击登录下的('id', 'com.chazuo.college.enterprise:id/tv_login')元素找到了
2021-09-13 17:43:44,570 INFO 登录页-点击登录下的('id', 'com.chazuo.college.enterprise:id/tv_login')元素点击成功
2021-09-13 17:43:46,911 INFO 我的页面-获取登录用户名下的('id', 'com.chazuo.college.enterprise:id/tv_name')元素找到了
2021-09-13 17:43:46,934 INFO 获取我的页面-获取登录用户名下的('id', 'com.chazuo.college.enterprise:id/tv_name')元素文本  Hi，用户7903成功
