2021-09-17 17:17:23,996 INFO 首页-点击我的下的('id', 'com.chazuo.college.enterprise:id/my')元素找到了
2021-09-17 17:17:24,941 INFO 首页-点击我的下的('id', 'com.chazuo.college.enterprise:id/my')元素点击成功
2021-09-17 17:17:58,085 INFO 首页-服务协议勾选框下的('id', 'com.chazuo.college.enterprise:id/check_box_agree')元素等待失败
2021-09-17 17:17:58,422 INFO 首页-服务协议勾选框下的('id', 'com.chazuo.college.enterprise:id/check_box_agree')元素点击失败
2021-09-17 17:19:15,773 INFO 首页-点击我的下的('id', 'com.chazuo.college.enterprise:id/my')元素找到了
2021-09-17 17:19:16,398 INFO 首页-点击我的下的('id', 'com.chazuo.college.enterprise:id/my')元素点击成功
2021-09-17 17:19:17,160 INFO 首页-服务协议勾选框下的('id', 'com.chazuo.college.enterprise:id/check_box_agree')元素找到了
2021-09-17 17:19:17,216 INFO 首页-服务协议勾选框下的('id', 'com.chazuo.college.enterprise:id/check_box_agree')元素点击成功
2021-09-17 17:19:17,827 INFO 首页-手机号登录下的('id', 'com.chazuo.college.enterprise:id/ll_loginbyphone')元素找到了
2021-09-17 17:19:17,880 INFO 首页-手机号登录下的('id', 'com.chazuo.college.enterprise:id/ll_loginbyphone')元素点击成功
2021-09-17 17:19:18,831 INFO 首页-切换密码登录下的('id', 'com.chazuo.college.enterprise:id/actionbar_right_btn')元素找到了
2021-09-17 17:19:18,878 INFO 首页-切换密码登录下的('id', 'com.chazuo.college.enterprise:id/actionbar_right_btn')元素点击成功
2021-09-17 17:19:19,741 INFO 登录页-输入账号下的('id', 'com.chazuo.college.enterprise:id/cet_phonenum')元素找到了
2021-09-17 17:19:20,311 INFO 登录页-输入账号下的('id', 'com.chazuo.college.enterprise:id/cet_phonenum')元素输入15521507901成功
2021-09-17 17:19:20,922 INFO 登录页-输入密码下的('id', 'com.chazuo.college.enterprise:id/cet_password')元素找到了
2021-09-17 17:19:21,007 INFO 登录页-输入密码下的('id', 'com.chazuo.college.enterprise:id/cet_password')元素输入test123成功
2021-09-17 17:19:21,725 INFO 登录页-点击登录下的('id', 'com.chazuo.college.enterprise:id/tv_login')元素找到了
2021-09-17 17:19:21,782 INFO 登录页-点击登录下的('id', 'com.chazuo.college.enterprise:id/tv_login')元素点击成功
2021-09-17 17:19:23,998 INFO 登录页面下-输入错误的账号下的用户不存在弹窗文本获取成功！
2021-09-17 17:19:24,327 INFO 登录页-输入账号下的('id', 'com.chazuo.college.enterprise:id/cet_phonenum')元素找到了
2021-09-17 17:19:24,872 INFO 登录页-输入账号下的('id', 'com.chazuo.college.enterprise:id/cet_phonenum')元素输入15521507903成功
2021-09-17 17:19:25,488 INFO 登录页-输入密码下的('id', 'com.chazuo.college.enterprise:id/cet_password')元素找到了
2021-09-17 17:19:26,064 INFO 登录页-输入密码下的('id', 'com.chazuo.college.enterprise:id/cet_password')元素输入test12345成功
2021-09-17 17:19:26,691 INFO 登录页-点击登录下的('id', 'com.chazuo.college.enterprise:id/tv_login')元素找到了
2021-09-17 17:19:26,743 INFO 登录页-点击登录下的('id', 'com.chazuo.college.enterprise:id/tv_login')元素点击成功
2021-09-17 17:19:28,812 INFO 登录页面下-输入错误的密码下的密码错误弹窗文本获取成功！
2021-09-17 17:19:28,934 INFO 登录页-输入账号下的('id', 'com.chazuo.college.enterprise:id/cet_phonenum')元素找到了
2021-09-17 17:19:29,486 INFO 登录页-输入账号下的('id', 'com.chazuo.college.enterprise:id/cet_phonenum')元素输入15521507903成功
2021-09-17 17:19:30,096 INFO 登录页-输入密码下的('id', 'com.chazuo.college.enterprise:id/cet_password')元素找到了
2021-09-17 17:19:30,670 INFO 登录页-输入密码下的('id', 'com.chazuo.college.enterprise:id/cet_password')元素输入test123成功
2021-09-17 17:19:31,287 INFO 登录页-点击登录下的('id', 'com.chazuo.college.enterprise:id/tv_login')元素找到了
2021-09-17 17:19:31,341 INFO 登录页-点击登录下的('id', 'com.chazuo.college.enterprise:id/tv_login')元素点击成功
2021-09-17 17:20:05,372 INFO 我的页面-获取登录用户名下的('id', 'com.chazuo.college.enterprise:id/tv_name')元素等待失败
2021-09-17 17:20:05,624 INFO 获取我的页面-获取登录用户名下的('id', 'com.chazuo.college.enterprise:id/tv_name')元素文本失败
2021-09-17 17:21:10,119 INFO 首页-点击我的下的('id', 'com.chazuo.college.enterprise:id/my')元素找到了
2021-09-17 17:21:10,145 INFO 首页-点击我的下的('id', 'com.chazuo.college.enterprise:id/my')元素点击成功
2021-09-17 17:21:42,385 INFO 首页-服务协议勾选框下的('id', 'com.chazuo.college.enterprise:id/check_box_agree')元素等待失败
2021-09-17 17:21:42,844 INFO 首页-服务协议勾选框下的('id', 'com.chazuo.college.enterprise:id/check_box_agree')元素点击失败
2021-09-17 17:22:29,035 INFO 首页-点击我的下的('id', 'com.chazuo.college.enterprise:id/my')元素找到了
2021-09-17 17:22:30,126 INFO 首页-点击我的下的('id', 'com.chazuo.college.enterprise:id/my')元素点击成功
2021-09-17 17:22:30,265 INFO 首页-服务协议勾选框下的('id', 'com.chazuo.college.enterprise:id/check_box_agree')元素找到了
2021-09-17 17:22:30,316 INFO 首页-服务协议勾选框下的('id', 'com.chazuo.college.enterprise:id/check_box_agree')元素点击成功
2021-09-17 17:22:30,881 INFO 首页-手机号登录下的('id', 'com.chazuo.college.enterprise:id/ll_loginbyphone')元素找到了
2021-09-17 17:22:30,912 INFO 首页-手机号登录下的('id', 'com.chazuo.college.enterprise:id/ll_loginbyphone')元素点击成功
2021-09-17 17:22:31,826 INFO 首页-切换密码登录下的('id', 'com.chazuo.college.enterprise:id/actionbar_right_btn')元素找到了
2021-09-17 17:22:31,862 INFO 首页-切换密码登录下的('id', 'com.chazuo.college.enterprise:id/actionbar_right_btn')元素点击成功
2021-09-17 17:22:33,281 INFO 登录页-输入账号下的('id', 'com.chazuo.college.enterprise:id/cet_phonenum')元素找到了
2021-09-17 17:22:33,840 INFO 登录页-输入账号下的('id', 'com.chazuo.college.enterprise:id/cet_phonenum')元素输入15521507901成功
2021-09-17 17:22:34,468 INFO 登录页-输入密码下的('id', 'com.chazuo.college.enterprise:id/cet_password')元素找到了
2021-09-17 17:22:35,047 INFO 登录页-输入密码下的('id', 'com.chazuo.college.enterprise:id/cet_password')元素输入test123成功
2021-09-17 17:22:35,671 INFO 登录页-点击登录下的('id', 'com.chazuo.college.enterprise:id/tv_login')元素找到了
2021-09-17 17:22:35,723 INFO 登录页-点击登录下的('id', 'com.chazuo.college.enterprise:id/tv_login')元素点击成功
2021-09-17 17:22:37,925 INFO 登录页面下-输入错误的账号下的用户不存在弹窗文本获取成功！
2021-09-17 17:22:38,297 INFO 登录页-输入账号下的('id', 'com.chazuo.college.enterprise:id/cet_phonenum')元素找到了
2021-09-17 17:22:38,874 INFO 登录页-输入账号下的('id', 'com.chazuo.college.enterprise:id/cet_phonenum')元素输入15521507903成功
2021-09-17 17:22:39,485 INFO 登录页-输入密码下的('id', 'com.chazuo.college.enterprise:id/cet_password')元素找到了
2021-09-17 17:22:40,049 INFO 登录页-输入密码下的('id', 'com.chazuo.college.enterprise:id/cet_password')元素输入test12345成功
2021-09-17 17:22:40,661 INFO 登录页-点击登录下的('id', 'com.chazuo.college.enterprise:id/tv_login')元素找到了
2021-09-17 17:22:40,718 INFO 登录页-点击登录下的('id', 'com.chazuo.college.enterprise:id/tv_login')元素点击成功
2021-09-17 17:22:42,878 INFO 登录页面下-输入错误的密码下的密码错误弹窗文本获取成功！
2021-09-17 17:22:43,153 INFO 登录页-输入账号下的('id', 'com.chazuo.college.enterprise:id/cet_phonenum')元素找到了
2021-09-17 17:22:43,712 INFO 登录页-输入账号下的('id', 'com.chazuo.college.enterprise:id/cet_phonenum')元素输入15521507903成功
2021-09-17 17:22:44,353 INFO 登录页-输入密码下的('id', 'com.chazuo.college.enterprise:id/cet_password')元素找到了
2021-09-17 17:22:44,930 INFO 登录页-输入密码下的('id', 'com.chazuo.college.enterprise:id/cet_password')元素输入test123成功
2021-09-17 17:22:45,549 INFO 登录页-点击登录下的('id', 'com.chazuo.college.enterprise:id/tv_login')元素找到了
2021-09-17 17:22:45,604 INFO 登录页-点击登录下的('id', 'com.chazuo.college.enterprise:id/tv_login')元素点击成功
2021-09-17 17:23:21,445 INFO 我的页面-获取登录用户名下的('id', 'com.chazuo.college.enterprise:id/tv_name')元素等待失败
2021-09-17 17:23:22,500 INFO 获取我的页面-获取登录用户名下的('id', 'com.chazuo.college.enterprise:id/tv_name')元素文本失败
2021-09-17 17:24:26,818 INFO 首页-点击我的下的('id', 'com.chazuo.college.enterprise:id/my')元素找到了
2021-09-17 17:24:27,705 INFO 首页-点击我的下的('id', 'com.chazuo.college.enterprise:id/my')元素点击成功
2021-09-17 17:24:27,776 INFO 首页-服务协议勾选框下的('id', 'com.chazuo.college.enterprise:id/check_box_agree')元素找到了
2021-09-17 17:24:27,799 INFO 首页-服务协议勾选框下的('id', 'com.chazuo.college.enterprise:id/check_box_agree')元素点击成功
2021-09-17 17:24:28,376 INFO 首页-手机号登录下的('id', 'com.chazuo.college.enterprise:id/ll_loginbyphone')元素找到了
2021-09-17 17:24:28,428 INFO 首页-手机号登录下的('id', 'com.chazuo.college.enterprise:id/ll_loginbyphone')元素点击成功
2021-09-17 17:25:40,502 INFO 首页-点击我的下的('id', 'com.chazuo.college.enterprise:id/my')元素找到了
2021-09-17 17:25:41,772 INFO 首页-点击我的下的('id', 'com.chazuo.college.enterprise:id/my')元素点击成功
2021-09-17 17:25:41,898 INFO 首页-服务协议勾选框下的('id', 'com.chazuo.college.enterprise:id/check_box_agree')元素找到了
2021-09-17 17:25:41,924 INFO 首页-服务协议勾选框下的('id', 'com.chazuo.college.enterprise:id/check_box_agree')元素点击成功
2021-09-17 17:25:42,472 INFO 首页-手机号登录下的('id', 'com.chazuo.college.enterprise:id/ll_loginbyphone')元素找到了
2021-09-17 17:25:42,505 INFO 首页-手机号登录下的('id', 'com.chazuo.college.enterprise:id/ll_loginbyphone')元素点击成功
2021-09-17 17:25:43,336 INFO 首页-切换密码登录下的('id', 'com.chazuo.college.enterprise:id/actionbar_right_btn')元素找到了
2021-09-17 17:25:43,389 INFO 首页-切换密码登录下的('id', 'com.chazuo.college.enterprise:id/actionbar_right_btn')元素点击成功
2021-09-17 17:25:44,811 INFO 登录页-输入账号下的('id', 'com.chazuo.college.enterprise:id/cet_phonenum')元素找到了
2021-09-17 17:25:45,382 INFO 登录页-输入账号下的('id', 'com.chazuo.college.enterprise:id/cet_phonenum')元素输入15521507901成功
2021-09-17 17:25:46,021 INFO 登录页-输入密码下的('id', 'com.chazuo.college.enterprise:id/cet_password')元素找到了
2021-09-17 17:25:46,596 INFO 登录页-输入密码下的('id', 'com.chazuo.college.enterprise:id/cet_password')元素输入test123成功
2021-09-17 17:25:47,217 INFO 登录页-点击登录下的('id', 'com.chazuo.college.enterprise:id/tv_login')元素找到了
2021-09-17 17:25:47,260 INFO 登录页-点击登录下的('id', 'com.chazuo.college.enterprise:id/tv_login')元素点击成功
2021-09-17 17:25:49,504 INFO 登录页面下-输入错误的账号下的用户不存在弹窗文本获取成功！
2021-09-17 17:25:49,829 INFO 登录页-输入账号下的('id', 'com.chazuo.college.enterprise:id/cet_phonenum')元素找到了
2021-09-17 17:25:50,377 INFO 登录页-输入账号下的('id', 'com.chazuo.college.enterprise:id/cet_phonenum')元素输入15521507903成功
2021-09-17 17:25:50,997 INFO 登录页-输入密码下的('id', 'com.chazuo.college.enterprise:id/cet_password')元素找到了
2021-09-17 17:25:51,566 INFO 登录页-输入密码下的('id', 'com.chazuo.college.enterprise:id/cet_password')元素输入test12345成功
2021-09-17 17:25:52,188 INFO 登录页-点击登录下的('id', 'com.chazuo.college.enterprise:id/tv_login')元素找到了
2021-09-17 17:25:52,239 INFO 登录页-点击登录下的('id', 'com.chazuo.college.enterprise:id/tv_login')元素点击成功
2021-09-17 17:25:54,396 INFO 登录页面下-输入错误的密码下的密码错误弹窗文本获取成功！
2021-09-17 17:25:54,756 INFO 登录页-输入账号下的('id', 'com.chazuo.college.enterprise:id/cet_phonenum')元素找到了
2021-09-17 17:25:55,346 INFO 登录页-输入账号下的('id', 'com.chazuo.college.enterprise:id/cet_phonenum')元素输入15521507903成功
2021-09-17 17:25:55,967 INFO 登录页-输入密码下的('id', 'com.chazuo.college.enterprise:id/cet_password')元素找到了
2021-09-17 17:25:56,528 INFO 登录页-输入密码下的('id', 'com.chazuo.college.enterprise:id/cet_password')元素输入test123成功
2021-09-17 17:25:57,148 INFO 登录页-点击登录下的('id', 'com.chazuo.college.enterprise:id/tv_login')元素找到了
2021-09-17 17:25:57,197 INFO 登录页-点击登录下的('id', 'com.chazuo.college.enterprise:id/tv_login')元素点击成功
2021-09-17 17:26:59,162 INFO 首页-点击我的下的('id', 'com.chazuo.college.enterprise:id/my')元素找到了
2021-09-17 17:27:00,255 INFO 首页-点击我的下的('id', 'com.chazuo.college.enterprise:id/my')元素点击成功
2021-09-17 17:27:00,410 INFO 首页-服务协议勾选框下的('id', 'com.chazuo.college.enterprise:id/check_box_agree')元素找到了
2021-09-17 17:27:00,464 INFO 首页-服务协议勾选框下的('id', 'com.chazuo.college.enterprise:id/check_box_agree')元素点击成功
2021-09-17 17:27:01,083 INFO 首页-手机号登录下的('id', 'com.chazuo.college.enterprise:id/ll_loginbyphone')元素找到了
2021-09-17 17:27:01,138 INFO 首页-手机号登录下的('id', 'com.chazuo.college.enterprise:id/ll_loginbyphone')元素点击成功
2021-09-17 17:27:02,210 INFO 首页-切换密码登录下的('id', 'com.chazuo.college.enterprise:id/actionbar_right_btn')元素找到了
2021-09-17 17:27:02,259 INFO 首页-切换密码登录下的('id', 'com.chazuo.college.enterprise:id/actionbar_right_btn')元素点击成功
2021-09-17 17:27:03,685 INFO 登录页-输入账号下的('id', 'com.chazuo.college.enterprise:id/cet_phonenum')元素找到了
2021-09-17 17:27:04,251 INFO 登录页-输入账号下的('id', 'com.chazuo.college.enterprise:id/cet_phonenum')元素输入15521507901成功
2021-09-17 17:27:04,877 INFO 登录页-输入密码下的('id', 'com.chazuo.college.enterprise:id/cet_password')元素找到了
2021-09-17 17:27:05,458 INFO 登录页-输入密码下的('id', 'com.chazuo.college.enterprise:id/cet_password')元素输入test123成功
2021-09-17 17:27:05,999 INFO 登录页-点击登录下的('id', 'com.chazuo.college.enterprise:id/tv_login')元素找到了
2021-09-17 17:27:06,022 INFO 登录页-点击登录下的('id', 'com.chazuo.college.enterprise:id/tv_login')元素点击成功
2021-09-17 17:27:08,113 INFO 登录页面下-输入错误的账号下的用户不存在弹窗文本获取成功！
2021-09-17 17:27:08,235 INFO 登录页-输入账号下的('id', 'com.chazuo.college.enterprise:id/cet_phonenum')元素找到了
2021-09-17 17:27:08,764 INFO 登录页-输入账号下的('id', 'com.chazuo.college.enterprise:id/cet_phonenum')元素输入15521507903成功
2021-09-17 17:27:09,376 INFO 登录页-输入密码下的('id', 'com.chazuo.college.enterprise:id/cet_password')元素找到了
2021-09-17 17:27:09,959 INFO 登录页-输入密码下的('id', 'com.chazuo.college.enterprise:id/cet_password')元素输入test12345成功
2021-09-17 17:27:10,564 INFO 登录页-点击登录下的('id', 'com.chazuo.college.enterprise:id/tv_login')元素找到了
2021-09-17 17:27:10,617 INFO 登录页-点击登录下的('id', 'com.chazuo.college.enterprise:id/tv_login')元素点击成功
2021-09-17 17:27:12,772 INFO 登录页面下-输入错误的密码下的密码错误弹窗文本获取成功！
2021-09-17 17:27:13,124 INFO 登录页-输入账号下的('id', 'com.chazuo.college.enterprise:id/cet_phonenum')元素找到了
2021-09-17 17:27:13,686 INFO 登录页-输入账号下的('id', 'com.chazuo.college.enterprise:id/cet_phonenum')元素输入15521507903成功
2021-09-17 17:27:14,313 INFO 登录页-输入密码下的('id', 'com.chazuo.college.enterprise:id/cet_password')元素找到了
2021-09-17 17:27:14,884 INFO 登录页-输入密码下的('id', 'com.chazuo.college.enterprise:id/cet_password')元素输入test123成功
2021-09-17 17:27:15,501 INFO 登录页-点击登录下的('id', 'com.chazuo.college.enterprise:id/tv_login')元素找到了
2021-09-17 17:27:15,550 INFO 登录页-点击登录下的('id', 'com.chazuo.college.enterprise:id/tv_login')元素点击成功
2021-09-17 17:27:49,804 INFO 我的页面-获取登录用户名下的('id', 'com.chazuo.college.enterprise:id/tv_name')元素等待失败
2021-09-17 17:27:50,633 INFO 获取我的页面-获取登录用户名下的('id', 'com.chazuo.college.enterprise:id/tv_name')元素文本失败
2021-09-17 17:28:29,848 INFO 首页-点击我的下的('id', 'com.chazuo.college.enterprise:id/my')元素找到了
2021-09-17 17:28:31,047 INFO 首页-点击我的下的('id', 'com.chazuo.college.enterprise:id/my')元素点击成功
2021-09-17 17:28:31,208 INFO 首页-服务协议勾选框下的('id', 'com.chazuo.college.enterprise:id/check_box_agree')元素找到了
2021-09-17 17:28:31,258 INFO 首页-服务协议勾选框下的('id', 'com.chazuo.college.enterprise:id/check_box_agree')元素点击成功
2021-09-17 17:28:31,844 INFO 首页-手机号登录下的('id', 'com.chazuo.college.enterprise:id/ll_loginbyphone')元素找到了
2021-09-17 17:28:31,870 INFO 首页-手机号登录下的('id', 'com.chazuo.college.enterprise:id/ll_loginbyphone')元素点击成功
2021-09-17 17:28:32,814 INFO 首页-切换密码登录下的('id', 'com.chazuo.college.enterprise:id/actionbar_right_btn')元素找到了
2021-09-17 17:28:32,846 INFO 首页-切换密码登录下的('id', 'com.chazuo.college.enterprise:id/actionbar_right_btn')元素点击成功
2021-09-17 17:28:34,173 INFO 登录页-输入账号下的('id', 'com.chazuo.college.enterprise:id/cet_phonenum')元素找到了
2021-09-17 17:28:34,699 INFO 登录页-输入账号下的('id', 'com.chazuo.college.enterprise:id/cet_phonenum')元素输入15521507901成功
2021-09-17 17:28:35,242 INFO 登录页-输入密码下的('id', 'com.chazuo.college.enterprise:id/cet_password')元素找到了
2021-09-17 17:28:35,769 INFO 登录页-输入密码下的('id', 'com.chazuo.college.enterprise:id/cet_password')元素输入test123成功
2021-09-17 17:28:36,323 INFO 登录页-点击登录下的('id', 'com.chazuo.college.enterprise:id/tv_login')元素找到了
2021-09-17 17:28:36,338 INFO 登录页-点击登录下的('id', 'com.chazuo.college.enterprise:id/tv_login')元素点击成功
2021-09-17 17:28:38,422 INFO 登录页面下-输入错误的账号下的用户不存在弹窗文本获取成功！
2021-09-17 17:28:38,544 INFO 登录页-输入账号下的('id', 'com.chazuo.college.enterprise:id/cet_phonenum')元素找到了
2021-09-17 17:28:39,076 INFO 登录页-输入账号下的('id', 'com.chazuo.college.enterprise:id/cet_phonenum')元素输入15521507903成功
2021-09-17 17:28:39,625 INFO 登录页-输入密码下的('id', 'com.chazuo.college.enterprise:id/cet_password')元素找到了
2021-09-17 17:28:40,180 INFO 登录页-输入密码下的('id', 'com.chazuo.college.enterprise:id/cet_password')元素输入test12345成功
2021-09-17 17:28:40,795 INFO 登录页-点击登录下的('id', 'com.chazuo.college.enterprise:id/tv_login')元素找到了
2021-09-17 17:28:40,850 INFO 登录页-点击登录下的('id', 'com.chazuo.college.enterprise:id/tv_login')元素点击成功
2021-09-17 17:28:43,035 INFO 登录页面下-输入错误的密码下的密码错误弹窗文本获取成功！
2021-09-17 17:28:43,412 INFO 登录页-输入账号下的('id', 'com.chazuo.college.enterprise:id/cet_phonenum')元素找到了
2021-09-17 17:28:43,993 INFO 登录页-输入账号下的('id', 'com.chazuo.college.enterprise:id/cet_phonenum')元素输入15521507903成功
2021-09-17 17:28:44,622 INFO 登录页-输入密码下的('id', 'com.chazuo.college.enterprise:id/cet_password')元素找到了
2021-09-17 17:28:45,212 INFO 登录页-输入密码下的('id', 'com.chazuo.college.enterprise:id/cet_password')元素输入test123成功
2021-09-17 17:28:45,815 INFO 登录页-点击登录下的('id', 'com.chazuo.college.enterprise:id/tv_login')元素找到了
2021-09-17 17:28:45,865 INFO 登录页-点击登录下的('id', 'com.chazuo.college.enterprise:id/tv_login')元素点击成功
2021-09-17 17:28:48,238 INFO 我的页面-获取登录用户名下的('id', 'com.chazuo.college.enterprise:id/tv_name')元素找到了
2021-09-17 17:28:48,276 INFO 获取我的页面-获取登录用户名下的('id', 'com.chazuo.college.enterprise:id/tv_name')元素文本  Hi，用户7903成功
2021-09-17 17:31:10,302 INFO 首页-点击我的下的('id', 'com.chazuo.college.enterprise:id/my')元素找到了
2021-09-17 17:31:11,031 INFO 首页-点击我的下的('id', 'com.chazuo.college.enterprise:id/my')元素点击成功
2021-09-17 17:31:11,068 INFO 首页-服务协议勾选框下的('id', 'com.chazuo.college.enterprise:id/check_box_agree')元素找到了
2021-09-17 17:31:11,084 INFO 首页-服务协议勾选框下的('id', 'com.chazuo.college.enterprise:id/check_box_agree')元素点击成功
2021-09-17 17:31:11,607 INFO 首页-手机号登录下的('id', 'com.chazuo.college.enterprise:id/ll_loginbyphone')元素找到了
2021-09-17 17:31:11,620 INFO 首页-手机号登录下的('id', 'com.chazuo.college.enterprise:id/ll_loginbyphone')元素点击成功
2021-09-17 17:31:12,352 INFO 首页-切换密码登录下的('id', 'com.chazuo.college.enterprise:id/actionbar_right_btn')元素找到了
2021-09-17 17:31:12,368 INFO 首页-切换密码登录下的('id', 'com.chazuo.college.enterprise:id/actionbar_right_btn')元素点击成功
2021-09-17 17:31:13,652 INFO 登录页-输入账号下的('id', 'com.chazuo.college.enterprise:id/cet_phonenum')元素找到了
2021-09-17 17:31:14,169 INFO 登录页-输入账号下的('id', 'com.chazuo.college.enterprise:id/cet_phonenum')元素输入15521507901成功
2021-09-17 17:31:14,698 INFO 登录页-输入密码下的('id', 'com.chazuo.college.enterprise:id/cet_password')元素找到了
2021-09-17 17:31:15,218 INFO 登录页-输入密码下的('id', 'com.chazuo.college.enterprise:id/cet_password')元素输入test123成功
2021-09-17 17:31:15,746 INFO 登录页-点击登录下的('id', 'com.chazuo.college.enterprise:id/tv_login')元素找到了
2021-09-17 17:31:15,762 INFO 登录页-点击登录下的('id', 'com.chazuo.college.enterprise:id/tv_login')元素点击成功
2021-09-17 17:31:17,812 INFO 登录页面下-输入错误的账号下的用户不存在弹窗文本获取成功！
2021-09-17 17:31:17,886 INFO 登录页-输入账号下的('id', 'com.chazuo.college.enterprise:id/cet_phonenum')元素找到了
2021-09-17 17:31:18,404 INFO 登录页-输入账号下的('id', 'com.chazuo.college.enterprise:id/cet_phonenum')元素输入15521507903成功
2021-09-17 17:31:18,940 INFO 登录页-输入密码下的('id', 'com.chazuo.college.enterprise:id/cet_password')元素找到了
2021-09-17 17:31:19,460 INFO 登录页-输入密码下的('id', 'com.chazuo.college.enterprise:id/cet_password')元素输入test12345成功
2021-09-17 17:31:19,976 INFO 登录页-点击登录下的('id', 'com.chazuo.college.enterprise:id/tv_login')元素找到了
2021-09-17 17:31:19,991 INFO 登录页-点击登录下的('id', 'com.chazuo.college.enterprise:id/tv_login')元素点击成功
2021-09-17 17:31:22,021 INFO 登录页面下-输入错误的密码下的密码错误弹窗文本获取成功！
2021-09-17 17:31:22,089 INFO 登录页-输入账号下的('id', 'com.chazuo.college.enterprise:id/cet_phonenum')元素找到了
2021-09-17 17:31:22,608 INFO 登录页-输入账号下的('id', 'com.chazuo.college.enterprise:id/cet_phonenum')元素输入15521507903成功
2021-09-17 17:31:23,136 INFO 登录页-输入密码下的('id', 'com.chazuo.college.enterprise:id/cet_password')元素找到了
2021-09-17 17:31:23,659 INFO 登录页-输入密码下的('id', 'com.chazuo.college.enterprise:id/cet_password')元素输入test123成功
2021-09-17 17:31:24,181 INFO 登录页-点击登录下的('id', 'com.chazuo.college.enterprise:id/tv_login')元素找到了
2021-09-17 17:31:24,194 INFO 登录页-点击登录下的('id', 'com.chazuo.college.enterprise:id/tv_login')元素点击成功
2021-09-17 17:31:58,199 INFO 我的页面-获取登录用户名下的('id', 'com.chazuo.college.enterprise:id/tv_name')元素等待失败
2021-09-17 17:31:58,351 INFO 获取我的页面-获取登录用户名下的('id', 'com.chazuo.college.enterprise:id/tv_name')元素文本失败
2021-09-17 17:32:47,915 INFO 首页-点击我的下的('id', 'com.chazuo.college.enterprise:id/my')元素找到了
2021-09-17 17:32:47,942 INFO 首页-点击我的下的('id', 'com.chazuo.college.enterprise:id/my')元素点击成功
2021-09-17 17:32:48,857 INFO 首页-服务协议勾选框下的('id', 'com.chazuo.college.enterprise:id/check_box_agree')元素找到了
2021-09-17 17:32:48,910 INFO 首页-服务协议勾选框下的('id', 'com.chazuo.college.enterprise:id/check_box_agree')元素点击成功
2021-09-17 17:32:49,528 INFO 首页-手机号登录下的('id', 'com.chazuo.college.enterprise:id/ll_loginbyphone')元素找到了
2021-09-17 17:32:49,576 INFO 首页-手机号登录下的('id', 'com.chazuo.college.enterprise:id/ll_loginbyphone')元素点击成功
2021-09-17 17:32:50,672 INFO 首页-切换密码登录下的('id', 'com.chazuo.college.enterprise:id/actionbar_right_btn')元素找到了
2021-09-17 17:32:50,722 INFO 首页-切换密码登录下的('id', 'com.chazuo.college.enterprise:id/actionbar_right_btn')元素点击成功
2021-09-17 17:32:52,306 INFO 登录页-输入账号下的('id', 'com.chazuo.college.enterprise:id/cet_phonenum')元素找到了
2021-09-17 17:32:52,941 INFO 登录页-输入账号下的('id', 'com.chazuo.college.enterprise:id/cet_phonenum')元素输入15521507901成功
2021-09-17 17:32:53,565 INFO 登录页-输入密码下的('id', 'com.chazuo.college.enterprise:id/cet_password')元素找到了
2021-09-17 17:32:54,139 INFO 登录页-输入密码下的('id', 'com.chazuo.college.enterprise:id/cet_password')元素输入test123成功
2021-09-17 17:32:54,756 INFO 登录页-点击登录下的('id', 'com.chazuo.college.enterprise:id/tv_login')元素找到了
2021-09-17 17:32:54,802 INFO 登录页-点击登录下的('id', 'com.chazuo.college.enterprise:id/tv_login')元素点击成功
2021-09-17 17:32:57,037 INFO 登录页面下-输入错误的账号下的用户不存在弹窗文本获取成功！
2021-09-17 17:32:57,371 INFO 登录页-输入账号下的('id', 'com.chazuo.college.enterprise:id/cet_phonenum')元素找到了
2021-09-17 17:32:57,909 INFO 登录页-输入账号下的('id', 'com.chazuo.college.enterprise:id/cet_phonenum')元素输入15521507903成功
2021-09-17 17:32:58,465 INFO 登录页-输入密码下的('id', 'com.chazuo.college.enterprise:id/cet_password')元素找到了
2021-09-17 17:32:58,994 INFO 登录页-输入密码下的('id', 'com.chazuo.college.enterprise:id/cet_password')元素输入test12345成功
2021-09-17 17:32:59,538 INFO 登录页-点击登录下的('id', 'com.chazuo.college.enterprise:id/tv_login')元素找到了
2021-09-17 17:32:59,560 INFO 登录页-点击登录下的('id', 'com.chazuo.college.enterprise:id/tv_login')元素点击成功
2021-09-17 17:33:02,680 INFO 登录页面下-输入错误的密码下的密码错误弹窗文本获取成功！
2021-09-17 17:33:35,334 INFO 登录页-输入账号下的('id', 'com.chazuo.college.enterprise:id/cet_phonenum')元素等待失败
2021-09-17 17:33:35,556 INFO 登录页-输入账号下的('id', 'com.chazuo.college.enterprise:id/cet_phonenum')元素输入15521507903失败
2021-09-17 17:34:04,434 INFO 首页-点击我的下的('id', 'com.chazuo.college.enterprise:id/my')元素找到了
2021-09-17 17:34:04,471 INFO 首页-点击我的下的('id', 'com.chazuo.college.enterprise:id/my')元素点击成功
2021-09-17 17:34:05,349 INFO 首页-服务协议勾选框下的('id', 'com.chazuo.college.enterprise:id/check_box_agree')元素找到了
2021-09-17 17:34:05,407 INFO 首页-服务协议勾选框下的('id', 'com.chazuo.college.enterprise:id/check_box_agree')元素点击成功
2021-09-17 17:34:05,969 INFO 首页-手机号登录下的('id', 'com.chazuo.college.enterprise:id/ll_loginbyphone')元素找到了
2021-09-17 17:34:06,002 INFO 首页-手机号登录下的('id', 'com.chazuo.college.enterprise:id/ll_loginbyphone')元素点击成功
2021-09-17 17:34:07,306 INFO 首页-切换密码登录下的('id', 'com.chazuo.college.enterprise:id/actionbar_right_btn')元素找到了
2021-09-17 17:34:07,364 INFO 首页-切换密码登录下的('id', 'com.chazuo.college.enterprise:id/actionbar_right_btn')元素点击成功
2021-09-17 17:34:08,936 INFO 登录页-输入账号下的('id', 'com.chazuo.college.enterprise:id/cet_phonenum')元素找到了
2021-09-17 17:34:09,492 INFO 登录页-输入账号下的('id', 'com.chazuo.college.enterprise:id/cet_phonenum')元素输入15521507901成功
2021-09-17 17:34:10,062 INFO 登录页-输入密码下的('id', 'com.chazuo.college.enterprise:id/cet_password')元素找到了
2021-09-17 17:34:10,644 INFO 登录页-输入密码下的('id', 'com.chazuo.college.enterprise:id/cet_password')元素输入test123成功
2021-09-17 17:34:11,213 INFO 登录页-点击登录下的('id', 'com.chazuo.college.enterprise:id/tv_login')元素找到了
2021-09-17 17:34:11,271 INFO 登录页-点击登录下的('id', 'com.chazuo.college.enterprise:id/tv_login')元素点击成功
2021-09-17 17:34:13,450 INFO 登录页面下-输入错误的账号下的用户不存在弹窗文本获取成功！
2021-09-17 17:34:13,702 INFO 登录页-输入账号下的('id', 'com.chazuo.college.enterprise:id/cet_phonenum')元素找到了
2021-09-17 17:34:14,241 INFO 登录页-输入账号下的('id', 'com.chazuo.college.enterprise:id/cet_phonenum')元素输入15521507903成功
2021-09-17 17:34:14,819 INFO 登录页-输入密码下的('id', 'com.chazuo.college.enterprise:id/cet_password')元素找到了
2021-09-17 17:34:15,408 INFO 登录页-输入密码下的('id', 'com.chazuo.college.enterprise:id/cet_password')元素输入test12345成功
2021-09-17 17:34:15,972 INFO 登录页-点击登录下的('id', 'com.chazuo.college.enterprise:id/tv_login')元素找到了
2021-09-17 17:34:16,040 INFO 登录页-点击登录下的('id', 'com.chazuo.college.enterprise:id/tv_login')元素点击成功
2021-09-17 17:34:18,213 INFO 登录页面下-输入错误的密码下的密码错误弹窗文本获取成功！
2021-09-17 17:34:18,483 INFO 登录页-输入账号下的('id', 'com.chazuo.college.enterprise:id/cet_phonenum')元素找到了
2021-09-17 17:34:19,040 INFO 登录页-输入账号下的('id', 'com.chazuo.college.enterprise:id/cet_phonenum')元素输入15521507903成功
2021-09-17 17:34:19,617 INFO 登录页-输入密码下的('id', 'com.chazuo.college.enterprise:id/cet_password')元素找到了
2021-09-17 17:34:20,216 INFO 登录页-输入密码下的('id', 'com.chazuo.college.enterprise:id/cet_password')元素输入test123成功
2021-09-17 17:34:20,822 INFO 登录页-点击登录下的('id', 'com.chazuo.college.enterprise:id/tv_login')元素找到了
2021-09-17 17:34:20,896 INFO 登录页-点击登录下的('id', 'com.chazuo.college.enterprise:id/tv_login')元素点击成功
2021-09-17 17:35:47,882 INFO 首页-点击我的下的('id', 'com.chazuo.college.enterprise:id/my')元素找到了
2021-09-17 17:35:47,943 INFO 首页-点击我的下的('id', 'com.chazuo.college.enterprise:id/my')元素点击成功
2021-09-17 17:35:49,179 INFO 首页-服务协议勾选框下的('id', 'com.chazuo.college.enterprise:id/check_box_agree')元素找到了
2021-09-17 17:35:49,239 INFO 首页-服务协议勾选框下的('id', 'com.chazuo.college.enterprise:id/check_box_agree')元素点击成功
2021-09-17 17:35:49,871 INFO 首页-手机号登录下的('id', 'com.chazuo.college.enterprise:id/ll_loginbyphone')元素找到了
2021-09-17 17:35:49,925 INFO 首页-手机号登录下的('id', 'com.chazuo.college.enterprise:id/ll_loginbyphone')元素点击成功
2021-09-17 17:35:51,172 INFO 首页-切换密码登录下的('id', 'com.chazuo.college.enterprise:id/actionbar_right_btn')元素找到了
2021-09-17 17:35:51,206 INFO 首页-切换密码登录下的('id', 'com.chazuo.college.enterprise:id/actionbar_right_btn')元素点击成功
2021-09-17 17:35:52,523 INFO 登录页-输入账号下的('id', 'com.chazuo.college.enterprise:id/cet_phonenum')元素找到了
2021-09-17 17:35:53,057 INFO 登录页-输入账号下的('id', 'com.chazuo.college.enterprise:id/cet_phonenum')元素输入15521507901成功
2021-09-17 17:35:53,686 INFO 登录页-输入密码下的('id', 'com.chazuo.college.enterprise:id/cet_password')元素找到了
2021-09-17 17:35:54,241 INFO 登录页-输入密码下的('id', 'com.chazuo.college.enterprise:id/cet_password')元素输入test123成功
2021-09-17 17:35:54,863 INFO 登录页-点击登录下的('id', 'com.chazuo.college.enterprise:id/tv_login')元素找到了
2021-09-17 17:35:54,911 INFO 登录页-点击登录下的('id', 'com.chazuo.college.enterprise:id/tv_login')元素点击成功
2021-09-17 17:35:57,126 INFO 登录页面下-输入错误的账号下的用户不存在弹窗文本获取成功！
2021-09-17 17:35:57,411 INFO 登录页-输入账号下的('id', 'com.chazuo.college.enterprise:id/cet_phonenum')元素找到了
2021-09-17 17:35:57,963 INFO 登录页-输入账号下的('id', 'com.chazuo.college.enterprise:id/cet_phonenum')元素输入15521507903成功
2021-09-17 17:35:58,598 INFO 登录页-输入密码下的('id', 'com.chazuo.college.enterprise:id/cet_password')元素找到了
2021-09-17 17:35:59,176 INFO 登录页-输入密码下的('id', 'com.chazuo.college.enterprise:id/cet_password')元素输入test12345成功
2021-09-17 17:36:00,337 INFO 登录页-点击登录下的('id', 'com.chazuo.college.enterprise:id/tv_login')元素找到了
2021-09-17 17:36:00,385 INFO 登录页-点击登录下的('id', 'com.chazuo.college.enterprise:id/tv_login')元素点击成功
2021-09-17 17:36:02,548 INFO 登录页面下-输入错误的密码下的密码错误弹窗文本获取成功！
2021-09-17 17:36:02,899 INFO 登录页-输入账号下的('id', 'com.chazuo.college.enterprise:id/cet_phonenum')元素找到了
2021-09-17 17:36:03,469 INFO 登录页-输入账号下的('id', 'com.chazuo.college.enterprise:id/cet_phonenum')元素输入15521507903成功
2021-09-17 17:36:04,075 INFO 登录页-输入密码下的('id', 'com.chazuo.college.enterprise:id/cet_password')元素找到了
2021-09-17 17:36:04,650 INFO 登录页-输入密码下的('id', 'com.chazuo.college.enterprise:id/cet_password')元素输入test123成功
2021-09-17 17:36:05,271 INFO 登录页-点击登录下的('id', 'com.chazuo.college.enterprise:id/tv_login')元素找到了
2021-09-17 17:36:05,333 INFO 登录页-点击登录下的('id', 'com.chazuo.college.enterprise:id/tv_login')元素点击成功
2021-09-17 17:36:07,887 INFO 我的页面-获取登录用户名下的('id', 'com.chazuo.college.enterprise:id/tv_name')元素找到了
2021-09-17 17:36:07,910 INFO 获取我的页面-获取登录用户名下的('id', 'com.chazuo.college.enterprise:id/tv_name')元素文本  Hi，用户7903成功
2021-09-17 17:49:15,693 INFO 关闭福利推荐下的('id', 'com.chazuo.college.enterprise:id/notice_close')元素等待失败
2021-09-17 17:49:16,245 INFO 关闭福利推荐下的('id', 'com.chazuo.college.enterprise:id/notice_close')元素点击失败
2021-09-17 17:50:05,541 INFO 点击首页跳转下的('id', 'com.chazuo.college.enterprise:id/day')元素找到了
2021-09-17 17:50:06,564 INFO 点击首页跳转下的('id', 'com.chazuo.college.enterprise:id/day')元素点击成功
2021-09-17 17:50:07,786 INFO 向下滑动屏幕
2021-09-17 17:50:08,769 INFO 点击优秀学员按案例下的('id', 'com.chazuo.college.enterprise:id/tv_title')元素找到了
2021-09-17 17:50:08,823 INFO 点击优秀学员按案例下的('id', 'com.chazuo.college.enterprise:id/tv_title')元素点击成功
2021-09-17 17:51:14,134 INFO 点击首页跳转下的('id', 'com.chazuo.college.enterprise:id/day')元素找到了
2021-09-17 17:51:14,853 INFO 点击首页跳转下的('id', 'com.chazuo.college.enterprise:id/day')元素点击成功
2021-09-17 17:51:20,923 INFO 向下滑动屏幕
2021-09-17 17:51:22,081 INFO 点击优秀学员按案例下的('id', 'com.chazuo.college.enterprise:id/tv_title')元素找到了
2021-09-17 17:51:22,129 INFO 点击优秀学员按案例下的('id', 'com.chazuo.college.enterprise:id/tv_title')元素点击成功
2021-09-17 17:51:56,502 INFO 学习内容页面跳转下的('id', 'com.chazuo.college.enterprise:id/tv_title')元素等待失败
2021-09-17 17:51:57,014 INFO 学习内容页面跳转下的('id', 'com.chazuo.college.enterprise:id/tv_title')元素点击失败
2021-09-17 18:27:39,552 INFO 点击首页跳转下的('id', 'com.chazuo.college.enterprise:id/day')元素找到了
2021-09-17 18:27:40,199 INFO 点击首页跳转下的('id', 'com.chazuo.college.enterprise:id/day')元素点击成功
2021-09-17 18:27:48,215 INFO 向下滑动屏幕
2021-09-17 18:27:48,951 INFO 点击优秀学员按案例下的('id', 'com.chazuo.college.enterprise:id/tv_title')元素找到了
2021-09-17 18:27:48,962 INFO 点击优秀学员按案例下的('id', 'com.chazuo.college.enterprise:id/tv_title')元素点击成功
2021-09-17 18:28:14,431 INFO 学习内容页面跳转下的('id', 'com.chazuo.college.enterprise:id/tv_title')元素找到了
2021-09-17 18:28:16,342 INFO 学习内容页面跳转下的('id', 'com.chazuo.college.enterprise:id/tv_title')元素点击成功
2021-09-17 18:28:19,346 INFO 向下滑动屏幕
2021-09-17 18:29:13,265 INFO 点击首页跳转下的('id', 'com.chazuo.college.enterprise:id/day')元素找到了
2021-09-17 18:29:13,935 INFO 点击首页跳转下的('id', 'com.chazuo.college.enterprise:id/day')元素点击成功
2021-09-17 18:29:24,083 INFO 向下滑动屏幕
2021-09-17 18:29:56,345 INFO 点击优秀学员按案例下的('id', 'com.chazuo.college.enterprise:id/tv_title')元素等待失败
2021-09-17 18:29:56,667 INFO 点击优秀学员按案例下的('id', 'com.chazuo.college.enterprise:id/tv_title')元素点击失败
2021-09-17 18:32:01,170 INFO 点击首页跳转下的('id', 'com.chazuo.college.enterprise:id/day')元素找到了
2021-09-17 18:32:01,183 INFO 点击首页跳转下的('id', 'com.chazuo.college.enterprise:id/day')元素点击成功
2021-09-17 18:32:11,246 INFO 向下滑动屏幕
2021-09-17 18:32:12,001 INFO 点击优秀学员按案例下的('id', 'com.chazuo.college.enterprise:id/tv_title')元素找到了
2021-09-17 18:32:12,014 INFO 点击优秀学员按案例下的('id', 'com.chazuo.college.enterprise:id/tv_title')元素点击成功
