2021-09-20 14:36:15,380 INFO 首页-点击我的下的('id', 'com.chazuo.college.enterprise:id/my')元素找到了
2021-09-20 14:36:16,150 INFO 首页-点击我的下的('id', 'com.chazuo.college.enterprise:id/my')元素点击成功
2021-09-20 14:36:16,185 INFO 首页-服务协议勾选框下的('id', 'com.chazuo.college.enterprise:id/check_box_agree')元素找到了
2021-09-20 14:36:16,199 INFO 首页-服务协议勾选框下的('id', 'com.chazuo.college.enterprise:id/check_box_agree')元素点击成功
2021-09-20 14:36:16,741 INFO 首页-手机号登录下的('id', 'com.chazuo.college.enterprise:id/ll_loginbyphone')元素找到了
2021-09-20 14:36:16,754 INFO 首页-手机号登录下的('id', 'com.chazuo.college.enterprise:id/ll_loginbyphone')元素点击成功
2021-09-20 14:36:17,434 INFO 首页-切换密码登录下的('id', 'com.chazuo.college.enterprise:id/actionbar_right_btn')元素找到了
2021-09-20 14:36:17,446 INFO 首页-切换密码登录下的('id', 'com.chazuo.college.enterprise:id/actionbar_right_btn')元素点击成功
2021-09-20 14:36:18,246 INFO 登录页-输入账号下的('id', 'com.chazuo.college.enterprise:id/cet_phonenum')元素找到了
2021-09-20 14:36:18,776 INFO 登录页-输入账号下的('id', 'com.chazuo.college.enterprise:id/cet_phonenum')元素输入15521507901成功
2021-09-20 14:36:19,318 INFO 登录页-输入密码下的('id', 'com.chazuo.college.enterprise:id/cet_password')元素找到了
2021-09-20 14:36:19,853 INFO 登录页-输入密码下的('id', 'com.chazuo.college.enterprise:id/cet_password')元素输入test123成功
2021-09-20 14:36:20,379 INFO 登录页-点击登录下的('id', 'com.chazuo.college.enterprise:id/tv_login')元素找到了
2021-09-20 14:36:20,391 INFO 登录页-点击登录下的('id', 'com.chazuo.college.enterprise:id/tv_login')元素点击成功
2021-09-20 14:36:22,434 INFO 登录页面下-输入错误的账号下的用户不存在弹窗文本获取成功！
2021-09-20 14:36:22,505 INFO 登录页-输入账号下的('id', 'com.chazuo.college.enterprise:id/cet_phonenum')元素找到了
2021-09-20 14:36:23,038 INFO 登录页-输入账号下的('id', 'com.chazuo.college.enterprise:id/cet_phonenum')元素输入15521507903成功
2021-09-20 14:36:23,580 INFO 登录页-输入密码下的('id', 'com.chazuo.college.enterprise:id/cet_password')元素找到了
2021-09-20 14:36:24,127 INFO 登录页-输入密码下的('id', 'com.chazuo.college.enterprise:id/cet_password')元素输入test12345成功
2021-09-20 14:36:24,649 INFO 登录页-点击登录下的('id', 'com.chazuo.college.enterprise:id/tv_login')元素找到了
2021-09-20 14:36:24,661 INFO 登录页-点击登录下的('id', 'com.chazuo.college.enterprise:id/tv_login')元素点击成功
2021-09-20 14:36:26,713 INFO 登录页面下-输入错误的密码下的密码错误弹窗文本获取成功！
2021-09-20 14:36:26,778 INFO 登录页-输入账号下的('id', 'com.chazuo.college.enterprise:id/cet_phonenum')元素找到了
2021-09-20 14:36:27,306 INFO 登录页-输入账号下的('id', 'com.chazuo.college.enterprise:id/cet_phonenum')元素输入15521507903成功
2021-09-20 14:36:27,845 INFO 登录页-输入密码下的('id', 'com.chazuo.college.enterprise:id/cet_password')元素找到了
2021-09-20 14:36:28,382 INFO 登录页-输入密码下的('id', 'com.chazuo.college.enterprise:id/cet_password')元素输入test123成功
2021-09-20 14:36:28,905 INFO 登录页-点击登录下的('id', 'com.chazuo.college.enterprise:id/tv_login')元素找到了
2021-09-20 14:36:28,916 INFO 登录页-点击登录下的('id', 'com.chazuo.college.enterprise:id/tv_login')元素点击成功
2021-09-20 14:36:30,952 INFO 判断是否成功登录下的('id', 'com.chazuo.college.enterprise:id/ll_loginbyphone')元素找到了
2021-09-20 14:36:30,961 INFO 获取判断是否成功登录下的('id', 'com.chazuo.college.enterprise:id/ll_loginbyphone')元素文本  手机号登录成功
2021-09-20 14:36:30,997 INFO 首页-服务协议勾选框下的('id', 'com.chazuo.college.enterprise:id/check_box_agree')元素找到了
2021-09-20 14:36:31,013 INFO 首页-服务协议勾选框下的('id', 'com.chazuo.college.enterprise:id/check_box_agree')元素点击成功
2021-09-20 14:36:31,534 INFO 首页-手机号登录下的('id', 'com.chazuo.college.enterprise:id/ll_loginbyphone')元素找到了
2021-09-20 14:36:31,547 INFO 首页-手机号登录下的('id', 'com.chazuo.college.enterprise:id/ll_loginbyphone')元素点击成功
2021-09-20 14:36:32,230 INFO 首页-切换密码登录下的('id', 'com.chazuo.college.enterprise:id/actionbar_right_btn')元素找到了
2021-09-20 14:36:32,244 INFO 首页-切换密码登录下的('id', 'com.chazuo.college.enterprise:id/actionbar_right_btn')元素点击成功
2021-09-20 14:36:33,556 INFO 登录页-输入账号下的('id', 'com.chazuo.college.enterprise:id/cet_phonenum')元素找到了
2021-09-20 14:36:34,076 INFO 登录页-输入账号下的('id', 'com.chazuo.college.enterprise:id/cet_phonenum')元素输入15521507903成功
2021-09-20 14:36:34,619 INFO 登录页-输入密码下的('id', 'com.chazuo.college.enterprise:id/cet_password')元素找到了
2021-09-20 14:36:35,137 INFO 登录页-输入密码下的('id', 'com.chazuo.college.enterprise:id/cet_password')元素输入test123成功
2021-09-20 14:36:35,650 INFO 登录页-点击登录下的('id', 'com.chazuo.college.enterprise:id/tv_login')元素找到了
2021-09-20 14:36:35,662 INFO 登录页-点击登录下的('id', 'com.chazuo.college.enterprise:id/tv_login')元素点击成功
2021-09-20 14:36:37,793 INFO 我的页面-获取登录用户名下的('id', 'com.chazuo.college.enterprise:id/tv_name')元素找到了
2021-09-20 14:36:37,802 INFO 获取我的页面-获取登录用户名下的('id', 'com.chazuo.college.enterprise:id/tv_name')元素文本  Hi，用户7903成功
2021-09-20 14:36:37,864 INFO 进入首页下的('id', 'com.chazuo.college.enterprise:id/day')元素找到了
2021-09-20 14:36:37,876 INFO 进入首页下的('id', 'com.chazuo.college.enterprise:id/day')元素点击成功
2021-09-20 14:36:38,533 INFO 点击首页跳转下的('id', 'com.chazuo.college.enterprise:id/day')元素找到了
2021-09-20 14:36:38,544 INFO 点击首页跳转下的('id', 'com.chazuo.college.enterprise:id/day')元素点击成功
2021-09-20 14:36:40,608 INFO 点击首页查询跳转下的('id', 'com.chazuo.college.enterprise:id/search_layout_main')元素找到了
2021-09-20 14:36:40,620 INFO 点击首页查询跳转下的('id', 'com.chazuo.college.enterprise:id/search_layout_main')元素点击成功
2021-09-20 14:36:41,515 INFO 点击查询框下的('id', 'com.chazuo.college.enterprise:id/et_search')元素找到了
2021-09-20 14:36:41,527 INFO 点击查询框下的('id', 'com.chazuo.college.enterprise:id/et_search')元素点击成功
2021-09-20 14:36:42,062 INFO 输入查询内容下的('id', 'com.chazuo.college.enterprise:id/et_search')元素找到了
2021-09-20 14:36:42,686 INFO 输入查询内容下的('id', 'com.chazuo.college.enterprise:id/et_search')元素输入['有效管理问题员工']成功
2021-09-20 14:36:43,226 INFO 点击查询下的('id', 'com.chazuo.college.enterprise:id/search_button')元素找到了
2021-09-20 14:36:43,237 INFO 点击查询下的('id', 'com.chazuo.college.enterprise:id/search_button')元素点击成功
2021-09-20 14:36:44,745 INFO 切换课程查询内容下的('xpath', "//*[@text='课程']")元素找到了
2021-09-20 14:36:44,761 INFO 切换课程查询内容下的('xpath', "//*[@text='课程']")元素点击成功
2021-09-20 14:36:45,453 INFO 选择已订阅课程下的('xpath', "//*[@text='已订阅']")元素找到了
2021-09-20 14:36:45,465 INFO 选择已订阅课程下的('xpath', "//*[@text='已订阅']")元素点击成功
2021-09-20 14:36:46,801 INFO 进入文章阅读下的('xpath', "//*[@text='6个问题，轻松搞定问题员工']")元素找到了
2021-09-20 14:36:46,835 INFO 进入文章阅读下的('xpath', "//*[@text='6个问题，轻松搞定问题员工']")元素点击成功
2021-09-20 14:36:49,800 INFO 向上滑动屏幕
2021-09-20 14:36:57,789 INFO 向右滑动屏幕
2021-09-20 14:36:59,856 INFO 进入首页下的('id', 'com.chazuo.college.enterprise:id/day')元素找到了
2021-09-20 14:36:59,867 INFO 进入首页下的('id', 'com.chazuo.college.enterprise:id/day')元素点击成功
2021-09-20 14:37:00,508 INFO 点击首页跳转下的('id', 'com.chazuo.college.enterprise:id/day')元素找到了
2021-09-20 14:37:00,520 INFO 点击首页跳转下的('id', 'com.chazuo.college.enterprise:id/day')元素点击成功
2021-09-20 14:37:06,653 INFO 向上滑动屏幕
2021-09-20 14:37:38,665 INFO 点击优秀学员按案例下的('xpath', "//*[@text='跟何川老师学习后，我在职场收获了什么？']")元素等待失败
2021-09-20 14:37:39,008 INFO 点击优秀学员按案例下的('xpath', "//*[@text='跟何川老师学习后，我在职场收获了什么？']")元素点击失败
2021-09-20 14:40:33,886 INFO 首页-点击我的下的('id', 'com.chazuo.college.enterprise:id/my')元素找到了
2021-09-20 14:40:34,780 INFO 首页-点击我的下的('id', 'com.chazuo.college.enterprise:id/my')元素点击成功
2021-09-20 14:40:34,809 INFO 首页-服务协议勾选框下的('id', 'com.chazuo.college.enterprise:id/check_box_agree')元素找到了
2021-09-20 14:40:34,820 INFO 首页-服务协议勾选框下的('id', 'com.chazuo.college.enterprise:id/check_box_agree')元素点击成功
2021-09-20 14:40:35,343 INFO 首页-手机号登录下的('id', 'com.chazuo.college.enterprise:id/ll_loginbyphone')元素找到了
2021-09-20 14:40:35,354 INFO 首页-手机号登录下的('id', 'com.chazuo.college.enterprise:id/ll_loginbyphone')元素点击成功
2021-09-20 14:40:36,054 INFO 首页-切换密码登录下的('id', 'com.chazuo.college.enterprise:id/actionbar_right_btn')元素找到了
2021-09-20 14:40:36,068 INFO 首页-切换密码登录下的('id', 'com.chazuo.college.enterprise:id/actionbar_right_btn')元素点击成功
2021-09-20 14:40:37,353 INFO 登录页-输入账号下的('id', 'com.chazuo.college.enterprise:id/cet_phonenum')元素找到了
2021-09-20 14:40:37,869 INFO 登录页-输入账号下的('id', 'com.chazuo.college.enterprise:id/cet_phonenum')元素输入15521507901成功
2021-09-20 14:40:38,383 INFO 登录页-输入密码下的('id', 'com.chazuo.college.enterprise:id/cet_password')元素找到了
2021-09-20 14:40:38,899 INFO 登录页-输入密码下的('id', 'com.chazuo.college.enterprise:id/cet_password')元素输入test123成功
2021-09-20 14:40:39,414 INFO 登录页-点击登录下的('id', 'com.chazuo.college.enterprise:id/tv_login')元素找到了
2021-09-20 14:40:39,426 INFO 登录页-点击登录下的('id', 'com.chazuo.college.enterprise:id/tv_login')元素点击成功
2021-09-20 14:40:41,469 INFO 登录页面下-输入错误的账号下的用户不存在弹窗文本获取成功！
2021-09-20 14:40:41,526 INFO 登录页-输入账号下的('id', 'com.chazuo.college.enterprise:id/cet_phonenum')元素找到了
2021-09-20 14:40:42,045 INFO 登录页-输入账号下的('id', 'com.chazuo.college.enterprise:id/cet_phonenum')元素输入15521507903成功
2021-09-20 14:40:42,609 INFO 登录页-输入密码下的('id', 'com.chazuo.college.enterprise:id/cet_password')元素找到了
2021-09-20 14:40:43,129 INFO 登录页-输入密码下的('id', 'com.chazuo.college.enterprise:id/cet_password')元素输入test12345成功
2021-09-20 14:40:43,658 INFO 登录页-点击登录下的('id', 'com.chazuo.college.enterprise:id/tv_login')元素找到了
2021-09-20 14:40:43,672 INFO 登录页-点击登录下的('id', 'com.chazuo.college.enterprise:id/tv_login')元素点击成功
2021-09-20 14:40:45,722 INFO 登录页面下-输入错误的密码下的密码错误弹窗文本获取成功！
2021-09-20 14:40:45,779 INFO 登录页-输入账号下的('id', 'com.chazuo.college.enterprise:id/cet_phonenum')元素找到了
2021-09-20 14:40:46,295 INFO 登录页-输入账号下的('id', 'com.chazuo.college.enterprise:id/cet_phonenum')元素输入15521507903成功
2021-09-20 14:40:46,839 INFO 登录页-输入密码下的('id', 'com.chazuo.college.enterprise:id/cet_password')元素找到了
2021-09-20 14:40:47,357 INFO 登录页-输入密码下的('id', 'com.chazuo.college.enterprise:id/cet_password')元素输入test123成功
2021-09-20 14:40:47,883 INFO 登录页-点击登录下的('id', 'com.chazuo.college.enterprise:id/tv_login')元素找到了
2021-09-20 14:40:47,898 INFO 登录页-点击登录下的('id', 'com.chazuo.college.enterprise:id/tv_login')元素点击成功
2021-09-20 14:40:49,954 INFO 判断是否成功登录下的('id', 'com.chazuo.college.enterprise:id/ll_loginbyphone')元素找到了
2021-09-20 14:40:49,962 INFO 获取判断是否成功登录下的('id', 'com.chazuo.college.enterprise:id/ll_loginbyphone')元素文本  手机号登录成功
2021-09-20 14:40:49,989 INFO 首页-服务协议勾选框下的('id', 'com.chazuo.college.enterprise:id/check_box_agree')元素找到了
2021-09-20 14:40:50,004 INFO 首页-服务协议勾选框下的('id', 'com.chazuo.college.enterprise:id/check_box_agree')元素点击成功
2021-09-20 14:40:50,527 INFO 首页-手机号登录下的('id', 'com.chazuo.college.enterprise:id/ll_loginbyphone')元素找到了
2021-09-20 14:40:50,536 INFO 首页-手机号登录下的('id', 'com.chazuo.college.enterprise:id/ll_loginbyphone')元素点击成功
2021-09-20 14:40:51,201 INFO 首页-切换密码登录下的('id', 'com.chazuo.college.enterprise:id/actionbar_right_btn')元素找到了
2021-09-20 14:40:51,211 INFO 首页-切换密码登录下的('id', 'com.chazuo.college.enterprise:id/actionbar_right_btn')元素点击成功
2021-09-20 14:40:52,491 INFO 登录页-输入账号下的('id', 'com.chazuo.college.enterprise:id/cet_phonenum')元素找到了
2021-09-20 14:40:53,006 INFO 登录页-输入账号下的('id', 'com.chazuo.college.enterprise:id/cet_phonenum')元素输入15521507903成功
2021-09-20 14:40:53,535 INFO 登录页-输入密码下的('id', 'com.chazuo.college.enterprise:id/cet_password')元素找到了
2021-09-20 14:40:54,054 INFO 登录页-输入密码下的('id', 'com.chazuo.college.enterprise:id/cet_password')元素输入test123成功
2021-09-20 14:40:54,589 INFO 登录页-点击登录下的('id', 'com.chazuo.college.enterprise:id/tv_login')元素找到了
2021-09-20 14:40:54,602 INFO 登录页-点击登录下的('id', 'com.chazuo.college.enterprise:id/tv_login')元素点击成功
2021-09-20 14:40:56,720 INFO 我的页面-获取登录用户名下的('id', 'com.chazuo.college.enterprise:id/tv_name')元素找到了
2021-09-20 14:40:56,729 INFO 获取我的页面-获取登录用户名下的('id', 'com.chazuo.college.enterprise:id/tv_name')元素文本  Hi，用户7903成功
2021-09-20 14:40:56,788 INFO 进入首页下的('id', 'com.chazuo.college.enterprise:id/day')元素找到了
2021-09-20 14:40:56,801 INFO 进入首页下的('id', 'com.chazuo.college.enterprise:id/day')元素点击成功
2021-09-20 14:40:57,478 INFO 点击首页跳转下的('id', 'com.chazuo.college.enterprise:id/day')元素找到了
2021-09-20 14:40:57,490 INFO 点击首页跳转下的('id', 'com.chazuo.college.enterprise:id/day')元素点击成功
2021-09-20 14:40:59,556 INFO 点击首页查询跳转下的('id', 'com.chazuo.college.enterprise:id/search_layout_main')元素找到了
2021-09-20 14:40:59,569 INFO 点击首页查询跳转下的('id', 'com.chazuo.college.enterprise:id/search_layout_main')元素点击成功
2021-09-20 14:41:00,460 INFO 点击查询框下的('id', 'com.chazuo.college.enterprise:id/et_search')元素找到了
2021-09-20 14:41:00,472 INFO 点击查询框下的('id', 'com.chazuo.college.enterprise:id/et_search')元素点击成功
2021-09-20 14:41:01,000 INFO 输入查询内容下的('id', 'com.chazuo.college.enterprise:id/et_search')元素找到了
2021-09-20 14:41:01,638 INFO 输入查询内容下的('id', 'com.chazuo.college.enterprise:id/et_search')元素输入['有效管理问题员工']成功
2021-09-20 14:41:02,980 INFO 点击查询下的('id', 'com.chazuo.college.enterprise:id/search_button')元素找到了
2021-09-20 14:41:02,991 INFO 点击查询下的('id', 'com.chazuo.college.enterprise:id/search_button')元素点击成功
2021-09-20 14:41:04,523 INFO 切换课程查询内容下的('xpath', "//*[@text='课程']")元素找到了
2021-09-20 14:41:04,535 INFO 切换课程查询内容下的('xpath', "//*[@text='课程']")元素点击成功
2021-09-20 14:41:05,245 INFO 选择已订阅课程下的('xpath', "//*[@text='已订阅']")元素找到了
2021-09-20 14:41:05,257 INFO 选择已订阅课程下的('xpath', "//*[@text='已订阅']")元素点击成功
2021-09-20 14:41:06,631 INFO 进入文章阅读下的('xpath', "//*[@text='6个问题，轻松搞定问题员工']")元素找到了
2021-09-20 14:41:06,668 INFO 进入文章阅读下的('xpath', "//*[@text='6个问题，轻松搞定问题员工']")元素点击成功
2021-09-20 14:41:09,203 INFO 向上滑动屏幕
2021-09-20 14:41:17,244 INFO 向右滑动屏幕
2021-09-20 14:41:19,305 INFO 进入首页下的('id', 'com.chazuo.college.enterprise:id/day')元素找到了
2021-09-20 14:41:19,316 INFO 进入首页下的('id', 'com.chazuo.college.enterprise:id/day')元素点击成功
2021-09-20 14:41:19,983 INFO 点击首页跳转下的('id', 'com.chazuo.college.enterprise:id/day')元素找到了
2021-09-20 14:41:19,997 INFO 点击首页跳转下的('id', 'com.chazuo.college.enterprise:id/day')元素点击成功
2021-09-20 14:41:26,053 INFO 向上滑动屏幕
2021-09-20 14:41:52,442 INFO 点击优秀学员按案例下的('xpath', "//*[@text='跟何川老师学习后，我在职场收获了什么？']")元素找到了
2021-09-20 14:41:53,612 INFO 点击优秀学员按案例下的('xpath', "//*[@text='跟何川老师学习后，我在职场收获了什么？']")元素点击成功
2021-09-20 14:41:53,865 INFO 学习内容页面跳转下的('xpath', "//*[@text='于国皓：晋升副总并涨薪150%，我用了这3招']")元素找到了
2021-09-20 14:41:53,902 INFO 学习内容页面跳转下的('xpath', "//*[@text='于国皓：晋升副总并涨薪150%，我用了这3招']")元素点击成功
2021-09-20 14:41:57,900 INFO 播放音频下的('xpath', "//*[@text='播放']")元素找到了
2021-09-20 14:41:57,980 INFO 播放音频下的('xpath', "//*[@text='播放']")元素点击成功
2021-09-20 14:42:02,274 INFO 向上滑动屏幕
